{"meta": {"format": 3, "version": "7.11.0", "timestamp": "2025-11-15T13:39:51.739841", "branch_coverage": false, "show_contexts": false}, "files": {"src/rdfmap/__init__.py": {"executed_lines": [1, 3, 6, 15], "summary": {"covered_lines": 3, "num_statements": 3, "percent_covered": 100.0, "percent_covered_display": "100", "missing_lines": 0, "excluded_lines": 0}, "missing_lines": [], "excluded_lines": [], "functions": {"": {"executed_lines": [1, 3, 6, 15], "summary": {"covered_lines": 3, "num_statements": 3, "percent_covered": 100.0, "percent_covered_display": "100", "missing_lines": 0, "excluded_lines": 0}, "missing_lines": [], "excluded_lines": []}}, "classes": {"": {"executed_lines": [1, 3, 6, 15], "summary": {"covered_lines": 3, "num_statements": 3, "percent_covered": 100.0, "percent_covered_display": "100", "missing_lines": 0, "excluded_lines": 0}, "missing_lines": [], "excluded_lines": []}}}, "src/rdfmap/__main__.py": {"executed_lines": [], "summary": {"covered_lines": 0, "num_statements": 3, "percent_covered": 0.0, "percent_covered_display": "0", "missing_lines": 3, "excluded_lines": 0}, "missing_lines": [4, 6, 7], "excluded_lines": [], "functions": {"": {"executed_lines": [], "summary": {"covered_lines": 0, "num_statements": 3, "percent_covered": 0.0, "percent_covered_display": "0", "missing_lines": 3, "excluded_lines": 0}, "missing_lines": [4, 6, 7], "excluded_lines": []}}, "classes": {"": {"executed_lines": [], "summary": {"covered_lines": 0, "num_statements": 3, "percent_covered": 0.0, "percent_covered_display": "0", "missing_lines": 3, "excluded_lines": 0}, "missing_lines": [4, 6, 7], "excluded_lines": []}}}, "src/rdfmap/analyzer/__init__.py": {"executed_lines": [1], "summary": {"covered_lines": 0, "num_statements": 0, "percent_covered": 100.0, "percent_covered_display": "100", "missing_lines": 0, "excluded_lines": 0}, "missing_lines": [], "excluded_lines": [], "functions": {"": {"executed_lines": [1], "summary": {"covered_lines": 0, "num_statements": 0, "percent_covered": 100.0, "percent_covered_display": "100", "missing_lines": 0, "excluded_lines": 0}, "missing_lines": [], "excluded_lines": []}}, "classes": {"": {"executed_lines": [1], "summary": {"covered_lines": 0, "num_statements": 0, "percent_covered": 100.0, "percent_covered_display": "100", "missing_lines": 0, "excluded_lines": 0}, "missing_lines": [], "excluded_lines": []}}}, "src/rdfmap/analyzer/alignment_stats.py": {"executed_lines": [1, 8, 9, 10, 11, 12, 13, 15, 18, 19, 20, 21, 22, 23, 24, 25, 26, 27, 28, 31, 32, 33, 34, 35, 36, 37, 38, 39, 40, 41, 42, 43, 46, 47, 48, 49, 50, 51, 52, 53, 54, 55, 58, 59, 62, 65, 66, 67, 70, 71, 72, 73, 76, 77, 78, 81, 82, 85, 86, 88, 90, 91, 93, 102, 105, 107, 108, 109, 110, 111, 112, 118, 120, 122, 132, 138, 139, 141, 142, 143, 144, 147, 148, 161, 164, 165, 167, 168, 169, 170, 173, 174, 175, 176, 177, 180, 181, 184, 190, 191, 192, 193, 194, 195, 197, 199, 201, 203, 204, 212, 213, 221, 227, 228, 230, 231, 232, 233, 234, 236, 237, 239, 240, 241, 244, 245, 247, 250, 251, 252, 253, 254, 256, 258, 261, 263, 264, 266, 269, 275, 280, 286, 295, 296, 298, 299, 302, 304, 305, 306, 309, 311, 322, 412, 419, 420], "summary": {"covered_lines": 150, "num_statements": 219, "percent_covered": 68.4931506849315, "percent_covered_display": "68", "missing_lines": 69, "excluded_lines": 0}, "missing_lines": [103, 113, 114, 115, 129, 130, 257, 259, 307, 331, 332, 333, 334, 335, 338, 339, 340, 341, 342, 343, 344, 345, 346, 349, 350, 351, 352, 354, 360, 361, 362, 363, 364, 367, 368, 369, 370, 371, 372, 373, 374, 375, 376, 379, 380, 381, 382, 383, 384, 385, 386, 389, 390, 391, 392, 393, 394, 395, 396, 399, 400, 401, 402, 403, 404, 405, 406, 408, 410], "excluded_lines": [], "functions": {"AlignmentStatsAnalyzer.__init__": {"executed_lines": [90, 91], "summary": {"covered_lines": 2, "num_statements": 2, "percent_covered": 100.0, "percent_covered_display": "100", "missing_lines": 0, "excluded_lines": 0}, "missing_lines": [], "excluded_lines": []}, "AlignmentStatsAnalyzer.load_reports": {"executed_lines": [102, 105, 107, 108, 109, 110, 111, 112, 118, 120], "summary": {"covered_lines": 10, "num_statements": 14, "percent_covered": 71.42857142857143, "percent_covered_display": "71", "missing_lines": 4, "excluded_lines": 0}, "missing_lines": [103, 113, 114, 115], "excluded_lines": []}, "AlignmentStatsAnalyzer.add_report": {"executed_lines": [], "summary": {"covered_lines": 0, "num_statements": 2, "percent_covered": 0.0, "percent_covered_display": "0", "missing_lines": 2, "excluded_lines": 0}, "missing_lines": [129, 130], "excluded_lines": []}, "AlignmentStatsAnalyzer.analyze": {"executed_lines": [138, 139, 141, 142, 143, 144, 147, 148, 161, 164, 165, 167, 168, 169, 170, 173, 174, 175, 176, 177, 180, 181, 184, 190, 191, 192, 193, 194, 195, 197], "summary": {"covered_lines": 30, "num_statements": 30, "percent_covered": 100.0, "percent_covered_display": "100", "missing_lines": 0, "excluded_lines": 0}, "missing_lines": [], "excluded_lines": []}, "AlignmentStatsAnalyzer._build_column_history": {"executed_lines": [201, 203, 204, 212, 213], "summary": {"covered_lines": 5, "num_statements": 5, "percent_covered": 100.0, "percent_covered_display": "100", "missing_lines": 0, "excluded_lines": 0}, "missing_lines": [], "excluded_lines": []}, "AlignmentStatsAnalyzer._analyze_columns": {"executed_lines": [227, 228, 230, 231, 232, 233, 234, 236, 237, 239, 240, 241, 244, 245, 247, 250, 251, 252, 253, 254, 256, 258, 261, 263, 264, 266, 269, 275, 280], "summary": {"covered_lines": 29, "num_statements": 31, "percent_covered": 93.54838709677419, "percent_covered_display": "94", "missing_lines": 2, "excluded_lines": 0}, "missing_lines": [257, 259], "excluded_lines": []}, "AlignmentStatsAnalyzer._analyze_trend": {"executed_lines": [295, 296, 298, 299, 302, 304, 305, 306, 309, 311], "summary": {"covered_lines": 10, "num_statements": 11, "percent_covered": 90.9090909090909, "percent_covered_display": "91", "missing_lines": 1, "excluded_lines": 0}, "missing_lines": [307], "excluded_lines": []}, "AlignmentStatsAnalyzer.generate_summary_report": {"executed_lines": [], "summary": {"covered_lines": 0, "num_statements": 60, "percent_covered": 0.0, "percent_covered_display": "0", "missing_lines": 60, "excluded_lines": 0}, "missing_lines": [331, 332, 333, 334, 335, 338, 339, 340, 341, 342, 343, 344, 345, 346, 349, 350, 351, 352, 354, 360, 361, 362, 363, 364, 367, 368, 369, 370, 371, 372, 373, 374, 375, 376, 379, 380, 381, 382, 383, 384, 385, 386, 389, 390, 391, 392, 393, 394, 395, 396, 399, 400, 401, 402, 403, 404, 405, 406, 408, 410], "excluded_lines": []}, "AlignmentStatsAnalyzer.export_to_json": {"executed_lines": [419, 420], "summary": {"covered_lines": 2, "num_statements": 2, "percent_covered": 100.0, "percent_covered_display": "100", "missing_lines": 0, "excluded_lines": 0}, "missing_lines": [], "excluded_lines": []}, "": {"executed_lines": [1, 8, 9, 10, 11, 12, 13, 15, 18, 19, 20, 21, 22, 23, 24, 25, 26, 27, 28, 31, 32, 33, 34, 35, 36, 37, 38, 39, 40, 41, 42, 43, 46, 47, 48, 49, 50, 51, 52, 53, 54, 55, 58, 59, 62, 65, 66, 67, 70, 71, 72, 73, 76, 77, 78, 81, 82, 85, 86, 88, 93, 122, 132, 199, 221, 286, 322, 412], "summary": {"covered_lines": 62, "num_statements": 62, "percent_covered": 100.0, "percent_covered_display": "100", "missing_lines": 0, "excluded_lines": 0}, "missing_lines": [], "excluded_lines": []}}, "classes": {"ColumnStats": {"executed_lines": [], "summary": {"covered_lines": 0, "num_statements": 0, "percent_covered": 100.0, "percent_covered_display": "100", "missing_lines": 0, "excluded_lines": 0}, "missing_lines": [], "excluded_lines": []}, "TimeSeriesPoint": {"executed_lines": [], "summary": {"covered_lines": 0, "num_statements": 0, "percent_covered": 100.0, "percent_covered_display": "100", "missing_lines": 0, "excluded_lines": 0}, "missing_lines": [], "excluded_lines": []}, "TrendAnalysis": {"executed_lines": [], "summary": {"covered_lines": 0, "num_statements": 0, "percent_covered": 100.0, "percent_covered_display": "100", "missing_lines": 0, "excluded_lines": 0}, "missing_lines": [], "excluded_lines": []}, "AlignmentStatistics": {"executed_lines": [], "summary": {"covered_lines": 0, "num_statements": 0, "percent_covered": 100.0, "percent_covered_display": "100", "missing_lines": 0, "excluded_lines": 0}, "missing_lines": [], "excluded_lines": []}, "AlignmentStatsAnalyzer": {"executed_lines": [90, 91, 102, 105, 107, 108, 109, 110, 111, 112, 118, 120, 138, 139, 141, 142, 143, 144, 147, 148, 161, 164, 165, 167, 168, 169, 170, 173, 174, 175, 176, 177, 180, 181, 184, 190, 191, 192, 193, 194, 195, 197, 201, 203, 204, 212, 213, 227, 228, 230, 231, 232, 233, 234, 236, 237, 239, 240, 241, 244, 245, 247, 250, 251, 252, 253, 254, 256, 258, 261, 263, 264, 266, 269, 275, 280, 295, 296, 298, 299, 302, 304, 305, 306, 309, 311, 419, 420], "summary": {"covered_lines": 88, "num_statements": 157, "percent_covered": 56.05095541401274, "percent_covered_display": "56", "missing_lines": 69, "excluded_lines": 0}, "missing_lines": [103, 113, 114, 115, 129, 130, 257, 259, 307, 331, 332, 333, 334, 335, 338, 339, 340, 341, 342, 343, 344, 345, 346, 349, 350, 351, 352, 354, 360, 361, 362, 363, 364, 367, 368, 369, 370, 371, 372, 373, 374, 375, 376, 379, 380, 381, 382, 383, 384, 385, 386, 389, 390, 391, 392, 393, 394, 395, 396, 399, 400, 401, 402, 403, 404, 405, 406, 408, 410], "excluded_lines": []}, "": {"executed_lines": [1, 8, 9, 10, 11, 12, 13, 15, 18, 19, 20, 21, 22, 23, 24, 25, 26, 27, 28, 31, 32, 33, 34, 35, 36, 37, 38, 39, 40, 41, 42, 43, 46, 47, 48, 49, 50, 51, 52, 53, 54, 55, 58, 59, 62, 65, 66, 67, 70, 71, 72, 73, 76, 77, 78, 81, 82, 85, 86, 88, 93, 122, 132, 199, 221, 286, 322, 412], "summary": {"covered_lines": 62, "num_statements": 62, "percent_covered": 100.0, "percent_covered_display": "100", "missing_lines": 0, "excluded_lines": 0}, "missing_lines": [], "excluded_lines": []}}}, "src/rdfmap/cli/__init__.py": {"executed_lines": [1], "summary": {"covered_lines": 0, "num_statements": 0, "percent_covered": 100.0, "percent_covered_display": "100", "missing_lines": 0, "excluded_lines": 0}, "missing_lines": [], "excluded_lines": [], "functions": {"": {"executed_lines": [1], "summary": {"covered_lines": 0, "num_statements": 0, "percent_covered": 100.0, "percent_covered_display": "100", "missing_lines": 0, "excluded_lines": 0}, "missing_lines": [], "excluded_lines": []}}, "classes": {"": {"executed_lines": [1], "summary": {"covered_lines": 0, "num_statements": 0, "percent_covered": 100.0, "percent_covered_display": "100", "missing_lines": 0, "excluded_lines": 0}, "missing_lines": [], "excluded_lines": []}}}, "src/rdfmap/cli/interactive_review.py": {"executed_lines": [], "summary": {"covered_lines": 0, "num_statements": 191, "percent_covered": 0.0, "percent_covered_display": "0", "missing_lines": 191, "excluded_lines": 0}, "missing_lines": [7, 8, 9, 10, 11, 12, 13, 14, 16, 17, 20, 23, 29, 30, 31, 32, 33, 35, 52, 53, 55, 56, 57, 60, 63, 64, 67, 70, 71, 73, 74, 75, 76, 78, 80, 82, 84, 86, 87, 88, 89, 90, 91, 92, 93, 94, 96, 109, 111, 112, 115, 116, 117, 120, 121, 122, 124, 135, 137, 139, 141, 144, 150, 151, 152, 153, 154, 156, 157, 158, 159, 162, 163, 165, 182, 183, 184, 185, 188, 189, 190, 193, 194, 195, 196, 197, 198, 200, 201, 204, 212, 213, 215, 221, 224, 225, 231, 232, 233, 235, 236, 237, 239, 241, 242, 243, 244, 245, 246, 248, 251, 252, 253, 254, 255, 257, 259, 261, 262, 264, 266, 267, 269, 278, 281, 282, 283, 284, 286, 287, 288, 290, 292, 297, 298, 300, 301, 302, 303, 304, 305, 307, 308, 310, 321, 323, 324, 325, 326, 329, 330, 331, 333, 334, 336, 350, 351, 354, 355, 357, 358, 359, 364, 372, 373, 374, 382, 389, 391, 392, 393, 395, 397, 398, 399, 400, 401, 403, 406, 422, 423, 424, 425, 430, 431, 432, 437, 438, 439, 442, 443], "excluded_lines": [], "functions": {"InteractiveReviewer.__init__": {"executed_lines": [], "summary": {"covered_lines": 0, "num_statements": 5, "percent_covered": 0.0, "percent_covered_display": "0", "missing_lines": 5, "excluded_lines": 0}, "missing_lines": [29, 30, 31, 32, 33], "excluded_lines": []}, "InteractiveReviewer.review_mapping": {"executed_lines": [], "summary": {"covered_lines": 0, "num_statements": 18, "percent_covered": 0.0, "percent_covered_display": "0", "missing_lines": 18, "excluded_lines": 0}, "missing_lines": [52, 53, 55, 56, 57, 60, 63, 64, 67, 70, 71, 73, 74, 75, 76, 78, 80, 82], "excluded_lines": []}, "InteractiveReviewer._show_header": {"executed_lines": [], "summary": {"covered_lines": 0, "num_statements": 9, "percent_covered": 0.0, "percent_covered_display": "0", "missing_lines": 9, "excluded_lines": 0}, "missing_lines": [86, 87, 88, 89, 90, 91, 92, 93, 94], "excluded_lines": []}, "InteractiveReviewer._review_sheet": {"executed_lines": [], "summary": {"covered_lines": 0, "num_statements": 9, "percent_covered": 0.0, "percent_covered_display": "0", "missing_lines": 9, "excluded_lines": 0}, "missing_lines": [109, 111, 112, 115, 116, 117, 120, 121, 122], "excluded_lines": []}, "InteractiveReviewer._review_columns": {"executed_lines": [], "summary": {"covered_lines": 0, "num_statements": 16, "percent_covered": 0.0, "percent_covered_display": "0", "missing_lines": 16, "excluded_lines": 0}, "missing_lines": [135, 137, 139, 141, 144, 150, 151, 152, 153, 154, 156, 157, 158, 159, 162, 163], "excluded_lines": []}, "InteractiveReviewer._review_single_column": {"executed_lines": [], "summary": {"covered_lines": 0, "num_statements": 48, "percent_covered": 0.0, "percent_covered_display": "0", "missing_lines": 48, "excluded_lines": 0}, "missing_lines": [182, 183, 184, 185, 188, 189, 190, 193, 194, 195, 196, 197, 198, 200, 201, 204, 212, 213, 215, 221, 224, 225, 231, 232, 233, 235, 236, 237, 239, 241, 242, 243, 244, 245, 246, 248, 251, 252, 253, 254, 255, 257, 259, 261, 262, 264, 266, 267], "excluded_lines": []}, "InteractiveReviewer._choose_alternative": {"executed_lines": [], "summary": {"covered_lines": 0, "num_statements": 20, "percent_covered": 0.0, "percent_covered_display": "0", "missing_lines": 20, "excluded_lines": 0}, "missing_lines": [278, 281, 282, 283, 284, 286, 287, 288, 290, 292, 297, 298, 300, 301, 302, 303, 304, 305, 307, 308], "excluded_lines": []}, "InteractiveReviewer._review_objects": {"executed_lines": [], "summary": {"covered_lines": 0, "num_statements": 10, "percent_covered": 0.0, "percent_covered_display": "0", "missing_lines": 10, "excluded_lines": 0}, "missing_lines": [321, 323, 324, 325, 326, 329, 330, 331, 333, 334], "excluded_lines": []}, "InteractiveReviewer._get_match_info": {"executed_lines": [], "summary": {"covered_lines": 0, "num_statements": 12, "percent_covered": 0.0, "percent_covered_display": "0", "missing_lines": 12, "excluded_lines": 0}, "missing_lines": [350, 351, 354, 355, 357, 358, 359, 364, 372, 373, 374, 382], "excluded_lines": []}, "InteractiveReviewer._show_summary": {"executed_lines": [], "summary": {"covered_lines": 0, "num_statements": 10, "percent_covered": 0.0, "percent_covered_display": "0", "missing_lines": 10, "excluded_lines": 0}, "missing_lines": [391, 392, 393, 395, 397, 398, 399, 400, 401, 403], "excluded_lines": []}, "review_mapping_file": {"executed_lines": [], "summary": {"covered_lines": 0, "num_statements": 12, "percent_covered": 0.0, "percent_covered_display": "0", "missing_lines": 12, "excluded_lines": 0}, "missing_lines": [422, 423, 424, 425, 430, 431, 432, 437, 438, 439, 442, 443], "excluded_lines": []}, "": {"executed_lines": [], "summary": {"covered_lines": 0, "num_statements": 22, "percent_covered": 0.0, "percent_covered_display": "0", "missing_lines": 22, "excluded_lines": 0}, "missing_lines": [7, 8, 9, 10, 11, 12, 13, 14, 16, 17, 20, 23, 35, 84, 96, 124, 165, 269, 310, 336, 389, 406], "excluded_lines": []}}, "classes": {"InteractiveReviewer": {"executed_lines": [], "summary": {"covered_lines": 0, "num_statements": 157, "percent_covered": 0.0, "percent_covered_display": "0", "missing_lines": 157, "excluded_lines": 0}, "missing_lines": [29, 30, 31, 32, 33, 52, 53, 55, 56, 57, 60, 63, 64, 67, 70, 71, 73, 74, 75, 76, 78, 80, 82, 86, 87, 88, 89, 90, 91, 92, 93, 94, 109, 111, 112, 115, 116, 117, 120, 121, 122, 135, 137, 139, 141, 144, 150, 151, 152, 153, 154, 156, 157, 158, 159, 162, 163, 182, 183, 184, 185, 188, 189, 190, 193, 194, 195, 196, 197, 198, 200, 201, 204, 212, 213, 215, 221, 224, 225, 231, 232, 233, 235, 236, 237, 239, 241, 242, 243, 244, 245, 246, 248, 251, 252, 253, 254, 255, 257, 259, 261, 262, 264, 266, 267, 278, 281, 282, 283, 284, 286, 287, 288, 290, 292, 297, 298, 300, 301, 302, 303, 304, 305, 307, 308, 321, 323, 324, 325, 326, 329, 330, 331, 333, 334, 350, 351, 354, 355, 357, 358, 359, 364, 372, 373, 374, 382, 391, 392, 393, 395, 397, 398, 399, 400, 401, 403], "excluded_lines": []}, "": {"executed_lines": [], "summary": {"covered_lines": 0, "num_statements": 34, "percent_covered": 0.0, "percent_covered_display": "0", "missing_lines": 34, "excluded_lines": 0}, "missing_lines": [7, 8, 9, 10, 11, 12, 13, 14, 16, 17, 20, 23, 35, 84, 96, 124, 165, 269, 310, 336, 389, 406, 422, 423, 424, 425, 430, 431, 432, 437, 438, 439, 442, 443], "excluded_lines": []}}}, "src/rdfmap/cli/main.py": {"executed_lines": [], "summary": {"covered_lines": 0, "num_statements": 704, "percent_covered": 0.0, "percent_covered_display": "0", "missing_lines": 704, "excluded_lines": 0}, "missing_lines": [3, 4, 6, 7, 8, 10, 11, 12, 13, 14, 15, 16, 17, 18, 19, 20, 23, 24, 25, 26, 27, 29, 34, 37, 38, 75, 77, 78, 80, 81, 83, 84, 85, 86, 87, 88, 89, 91, 92, 95, 96, 97, 98, 100, 101, 102, 105, 110, 112, 113, 114, 115, 116, 117, 118, 119, 120, 121, 122, 123, 124, 125, 127, 128, 129, 130, 131, 132, 133, 134, 137, 138, 207, 209, 210, 213, 216, 217, 218, 219, 220, 221, 224, 225, 226, 227, 228, 230, 231, 232, 233, 236, 239, 242, 244, 245, 246, 247, 249, 251, 254, 257, 259, 260, 261, 262, 263, 264, 267, 268, 269, 270, 273, 274, 275, 276, 277, 278, 279, 282, 284, 285, 288, 294, 295, 296, 299, 300, 302, 303, 305, 306, 307, 310, 312, 314, 315, 318, 319, 324, 327, 328, 330, 331, 333, 336, 337, 338, 340, 341, 342, 344, 350, 353, 354, 355, 356, 357, 360, 361, 363, 368, 370, 371, 372, 373, 375, 376, 377, 380, 381, 384, 385, 386, 389, 391, 393, 394, 395, 396, 397, 398, 399, 400, 401, 404, 405, 406, 408, 413, 414, 415, 417, 418, 419, 420, 421, 422, 425, 426, 473, 474, 476, 479, 485, 488, 489, 490, 491, 492, 493, 495, 496, 497, 498, 499, 500, 501, 502, 505, 506, 534, 535, 537, 539, 540, 542, 544, 546, 552, 554, 555, 556, 558, 559, 561, 562, 563, 566, 567, 578, 579, 581, 584, 585, 586, 589, 590, 591, 594, 595, 596, 597, 598, 599, 600, 601, 604, 605, 606, 607, 609, 610, 611, 614, 616, 618, 619, 621, 622, 623, 624, 626, 629, 630, 631, 632, 634, 635, 638, 640, 641, 643, 644, 646, 647, 648, 649, 650, 651, 653, 654, 657, 658, 741, 742, 743, 744, 745, 747, 748, 749, 750, 753, 754, 755, 757, 759, 760, 761, 763, 764, 765, 766, 768, 769, 771, 772, 773, 774, 776, 777, 778, 780, 782, 783, 784, 785, 786, 788, 789, 790, 791, 792, 794, 796, 798, 805, 812, 814, 815, 816, 817, 819, 825, 826, 828, 829, 830, 831, 834, 835, 837, 839, 842, 844, 845, 846, 849, 850, 851, 854, 855, 858, 859, 860, 862, 863, 864, 866, 869, 870, 871, 872, 873, 874, 876, 877, 879, 880, 881, 882, 883, 884, 887, 888, 955, 957, 958, 959, 961, 964, 966, 967, 968, 970, 971, 974, 975, 980, 981, 984, 985, 986, 987, 988, 989, 990, 996, 997, 998, 1001, 1002, 1003, 1004, 1006, 1007, 1010, 1011, 1012, 1013, 1014, 1017, 1018, 1019, 1020, 1022, 1023, 1024, 1025, 1028, 1029, 1030, 1031, 1032, 1033, 1036, 1037, 1038, 1041, 1042, 1043, 1044, 1045, 1047, 1048, 1049, 1050, 1051, 1052, 1055, 1062, 1063, 1065, 1067, 1069, 1070, 1071, 1072, 1073, 1076, 1077, 1078, 1079, 1080, 1081, 1084, 1085, 1086, 1087, 1089, 1090, 1093, 1094, 1096, 1097, 1099, 1100, 1101, 1102, 1103, 1104, 1105, 1106, 1108, 1109, 1114, 1115, 1117, 1118, 1119, 1123, 1125, 1126, 1127, 1129, 1132, 1133, 1135, 1136, 1137, 1139, 1140, 1141, 1143, 1144, 1145, 1147, 1150, 1156, 1159, 1160, 1203, 1204, 1206, 1207, 1209, 1210, 1211, 1212, 1214, 1216, 1217, 1220, 1221, 1222, 1223, 1226, 1227, 1229, 1230, 1232, 1235, 1236, 1238, 1239, 1240, 1241, 1242, 1243, 1245, 1246, 1254, 1257, 1259, 1260, 1261, 1262, 1263, 1264, 1265, 1267, 1269, 1270, 1271, 1273, 1274, 1275, 1277, 1278, 1279, 1280, 1281, 1282, 1283, 1284, 1285, 1288, 1289, 1331, 1332, 1334, 1335, 1338, 1339, 1340, 1341, 1342, 1343, 1346, 1347, 1348, 1349, 1350, 1351, 1354, 1355, 1357, 1358, 1359, 1360, 1361, 1363, 1364, 1365, 1366, 1368, 1370, 1377, 1378, 1381, 1382, 1383, 1384, 1385, 1386, 1387, 1388, 1391, 1392, 1393, 1394, 1395, 1396, 1397, 1399, 1400, 1403, 1404, 1405, 1406, 1409, 1410, 1413, 1414, 1415, 1416, 1417, 1418, 1419, 1422, 1423, 1424, 1425, 1426, 1427, 1428, 1431, 1432, 1467, 1468, 1469, 1470, 1472, 1475, 1477, 1478, 1479, 1480, 1481, 1482, 1484, 1485, 1488, 1489, 1490, 1492, 1493, 1495, 1497, 1498, 1499, 1500, 1502, 1503, 1504, 1505, 1507, 1508, 1509, 1511, 1512, 1513, 1514, 1516, 1520, 1521, 1522, 1523, 1524, 1526, 1527, 1529, 1530, 1531, 1533, 1534, 1536, 1537, 1540, 1541, 1542, 1543, 1544, 1545, 1547, 1548, 1550, 1551, 1552, 1553, 1554, 1557, 1558], "excluded_lines": [], "functions": {"init": {"executed_lines": [], "summary": {"covered_lines": 0, "num_statements": 45, "percent_covered": 0.0, "percent_covered_display": "0", "missing_lines": 45, "excluded_lines": 0}, "missing_lines": [75, 77, 78, 80, 81, 83, 84, 85, 86, 87, 88, 89, 91, 92, 95, 96, 97, 98, 100, 101, 102, 105, 110, 112, 113, 114, 115, 116, 117, 118, 119, 120, 121, 122, 123, 124, 125, 127, 128, 129, 130, 131, 132, 133, 134], "excluded_lines": []}, "convert": {"executed_lines": [], "summary": {"covered_lines": 0, "num_statements": 126, "percent_covered": 0.0, "percent_covered_display": "0", "missing_lines": 126, "excluded_lines": 0}, "missing_lines": [207, 209, 210, 213, 216, 217, 218, 219, 220, 221, 224, 225, 226, 227, 228, 230, 231, 232, 233, 236, 239, 242, 244, 245, 246, 247, 249, 251, 254, 257, 259, 260, 261, 262, 263, 264, 267, 268, 269, 270, 273, 274, 275, 276, 277, 278, 279, 282, 284, 285, 288, 294, 295, 296, 299, 300, 302, 303, 305, 306, 307, 310, 312, 314, 315, 318, 319, 324, 327, 328, 330, 331, 333, 336, 337, 338, 340, 341, 342, 344, 350, 353, 354, 355, 356, 357, 360, 361, 363, 368, 370, 371, 372, 373, 375, 376, 377, 380, 381, 384, 385, 386, 389, 391, 393, 394, 395, 396, 397, 398, 399, 400, 401, 404, 405, 406, 408, 413, 414, 415, 417, 418, 419, 420, 421, 422], "excluded_lines": []}, "review": {"executed_lines": [], "summary": {"covered_lines": 0, "num_statements": 19, "percent_covered": 0.0, "percent_covered_display": "0", "missing_lines": 19, "excluded_lines": 0}, "missing_lines": [473, 474, 476, 479, 485, 488, 489, 490, 491, 492, 493, 495, 496, 497, 498, 499, 500, 501, 502], "excluded_lines": []}, "validate": {"executed_lines": [], "summary": {"covered_lines": 0, "num_statements": 17, "percent_covered": 0.0, "percent_covered_display": "0", "missing_lines": 17, "excluded_lines": 0}, "missing_lines": [534, 535, 537, 539, 540, 542, 544, 546, 552, 554, 555, 556, 558, 559, 561, 562, 563], "excluded_lines": []}, "info": {"executed_lines": [], "summary": {"covered_lines": 0, "num_statements": 24, "percent_covered": 0.0, "percent_covered_display": "0", "missing_lines": 24, "excluded_lines": 0}, "missing_lines": [578, 579, 581, 584, 585, 586, 589, 590, 591, 594, 595, 596, 597, 598, 599, 600, 601, 604, 605, 606, 607, 609, 610, 611], "excluded_lines": []}, "_display_processing_summary": {"executed_lines": [], "summary": {"covered_lines": 0, "num_statements": 14, "percent_covered": 0.0, "percent_covered_display": "0", "missing_lines": 14, "excluded_lines": 0}, "missing_lines": [616, 618, 619, 621, 622, 623, 624, 626, 629, 630, 631, 632, 634, 635], "excluded_lines": []}, "_display_validation_results": {"executed_lines": [], "summary": {"covered_lines": 0, "num_statements": 12, "percent_covered": 0.0, "percent_covered_display": "0", "missing_lines": 12, "excluded_lines": 0}, "missing_lines": [640, 641, 643, 644, 646, 647, 648, 649, 650, 651, 653, 654], "excluded_lines": []}, "generate": {"executed_lines": [], "summary": {"covered_lines": 0, "num_statements": 90, "percent_covered": 0.0, "percent_covered_display": "0", "missing_lines": 90, "excluded_lines": 0}, "missing_lines": [741, 742, 743, 744, 745, 747, 748, 749, 750, 753, 754, 755, 757, 759, 760, 761, 763, 764, 765, 766, 768, 769, 771, 772, 773, 774, 776, 777, 778, 780, 782, 783, 784, 785, 786, 788, 789, 790, 791, 792, 794, 796, 798, 805, 812, 814, 815, 816, 817, 819, 825, 826, 828, 829, 830, 831, 834, 835, 837, 839, 842, 844, 845, 846, 849, 850, 851, 854, 855, 858, 859, 860, 862, 863, 864, 866, 869, 870, 871, 872, 873, 874, 876, 877, 879, 880, 881, 882, 883, 884], "excluded_lines": []}, "enrich": {"executed_lines": [], "summary": {"covered_lines": 0, "num_statements": 64, "percent_covered": 0.0, "percent_covered_display": "0", "missing_lines": 64, "excluded_lines": 0}, "missing_lines": [955, 957, 958, 959, 961, 964, 966, 967, 968, 970, 971, 974, 975, 980, 981, 984, 985, 986, 987, 988, 989, 990, 996, 997, 998, 1001, 1002, 1003, 1004, 1006, 1007, 1010, 1011, 1012, 1013, 1014, 1017, 1018, 1019, 1020, 1022, 1023, 1024, 1025, 1028, 1029, 1030, 1031, 1032, 1033, 1036, 1037, 1038, 1041, 1042, 1043, 1044, 1045, 1047, 1048, 1049, 1050, 1051, 1052], "excluded_lines": []}, "_interactive_enrichment": {"executed_lines": [], "summary": {"covered_lines": 0, "num_statements": 5, "percent_covered": 0.0, "percent_covered_display": "0", "missing_lines": 5, "excluded_lines": 0}, "missing_lines": [1062, 1063, 1065, 1150, 1156], "excluded_lines": []}, "_interactive_enrichment.prompt_user": {"executed_lines": [], "summary": {"covered_lines": 0, "num_statements": 54, "percent_covered": 0.0, "percent_covered_display": "0", "missing_lines": 54, "excluded_lines": 0}, "missing_lines": [1067, 1069, 1070, 1071, 1072, 1073, 1076, 1077, 1078, 1079, 1080, 1081, 1084, 1085, 1086, 1087, 1089, 1090, 1093, 1094, 1096, 1097, 1099, 1100, 1101, 1102, 1103, 1104, 1105, 1106, 1108, 1109, 1114, 1115, 1117, 1118, 1119, 1123, 1125, 1126, 1127, 1129, 1132, 1133, 1135, 1136, 1137, 1139, 1140, 1141, 1143, 1144, 1145, 1147], "excluded_lines": []}, "stats": {"executed_lines": [], "summary": {"covered_lines": 0, "num_statements": 55, "percent_covered": 0.0, "percent_covered_display": "0", "missing_lines": 55, "excluded_lines": 0}, "missing_lines": [1203, 1204, 1206, 1207, 1209, 1210, 1211, 1212, 1214, 1216, 1217, 1220, 1221, 1222, 1223, 1226, 1227, 1229, 1230, 1232, 1235, 1236, 1238, 1239, 1240, 1241, 1242, 1243, 1245, 1246, 1254, 1257, 1259, 1260, 1261, 1262, 1263, 1264, 1265, 1267, 1269, 1270, 1271, 1273, 1274, 1275, 1277, 1278, 1279, 1280, 1281, 1282, 1283, 1284, 1285], "excluded_lines": []}, "validate_ontology": {"executed_lines": [], "summary": {"covered_lines": 0, "num_statements": 68, "percent_covered": 0.0, "percent_covered_display": "0", "missing_lines": 68, "excluded_lines": 0}, "missing_lines": [1331, 1332, 1334, 1335, 1338, 1339, 1340, 1341, 1342, 1343, 1346, 1347, 1348, 1349, 1350, 1351, 1354, 1355, 1357, 1358, 1359, 1360, 1361, 1363, 1364, 1365, 1366, 1368, 1370, 1377, 1378, 1381, 1382, 1383, 1384, 1385, 1386, 1387, 1388, 1391, 1392, 1393, 1394, 1395, 1396, 1397, 1399, 1400, 1403, 1404, 1405, 1406, 1409, 1410, 1413, 1414, 1415, 1416, 1417, 1418, 1419, 1422, 1423, 1424, 1425, 1426, 1427, 1428], "excluded_lines": []}, "templates": {"executed_lines": [], "summary": {"covered_lines": 0, "num_statements": 63, "percent_covered": 0.0, "percent_covered_display": "0", "missing_lines": 63, "excluded_lines": 0}, "missing_lines": [1467, 1468, 1469, 1470, 1472, 1475, 1477, 1478, 1479, 1480, 1481, 1482, 1484, 1485, 1488, 1489, 1490, 1492, 1493, 1495, 1497, 1498, 1499, 1500, 1502, 1503, 1504, 1505, 1507, 1508, 1509, 1511, 1512, 1513, 1514, 1516, 1520, 1521, 1522, 1523, 1524, 1526, 1527, 1529, 1530, 1531, 1533, 1534, 1536, 1537, 1540, 1541, 1542, 1543, 1544, 1545, 1547, 1548, 1550, 1551, 1552, 1553, 1554], "excluded_lines": []}, "": {"executed_lines": [], "summary": {"covered_lines": 0, "num_statements": 48, "percent_covered": 0.0, "percent_covered_display": "0", "missing_lines": 48, "excluded_lines": 0}, "missing_lines": [3, 4, 6, 7, 8, 10, 11, 12, 13, 14, 15, 16, 17, 18, 19, 20, 23, 24, 25, 26, 27, 29, 34, 37, 38, 137, 138, 425, 426, 505, 506, 566, 567, 614, 638, 657, 658, 887, 888, 1055, 1159, 1160, 1288, 1289, 1431, 1432, 1557, 1558], "excluded_lines": []}}, "classes": {"": {"executed_lines": [], "summary": {"covered_lines": 0, "num_statements": 704, "percent_covered": 0.0, "percent_covered_display": "0", "missing_lines": 704, "excluded_lines": 0}, "missing_lines": [3, 4, 6, 7, 8, 10, 11, 12, 13, 14, 15, 16, 17, 18, 19, 20, 23, 24, 25, 26, 27, 29, 34, 37, 38, 75, 77, 78, 80, 81, 83, 84, 85, 86, 87, 88, 89, 91, 92, 95, 96, 97, 98, 100, 101, 102, 105, 110, 112, 113, 114, 115, 116, 117, 118, 119, 120, 121, 122, 123, 124, 125, 127, 128, 129, 130, 131, 132, 133, 134, 137, 138, 207, 209, 210, 213, 216, 217, 218, 219, 220, 221, 224, 225, 226, 227, 228, 230, 231, 232, 233, 236, 239, 242, 244, 245, 246, 247, 249, 251, 254, 257, 259, 260, 261, 262, 263, 264, 267, 268, 269, 270, 273, 274, 275, 276, 277, 278, 279, 282, 284, 285, 288, 294, 295, 296, 299, 300, 302, 303, 305, 306, 307, 310, 312, 314, 315, 318, 319, 324, 327, 328, 330, 331, 333, 336, 337, 338, 340, 341, 342, 344, 350, 353, 354, 355, 356, 357, 360, 361, 363, 368, 370, 371, 372, 373, 375, 376, 377, 380, 381, 384, 385, 386, 389, 391, 393, 394, 395, 396, 397, 398, 399, 400, 401, 404, 405, 406, 408, 413, 414, 415, 417, 418, 419, 420, 421, 422, 425, 426, 473, 474, 476, 479, 485, 488, 489, 490, 491, 492, 493, 495, 496, 497, 498, 499, 500, 501, 502, 505, 506, 534, 535, 537, 539, 540, 542, 544, 546, 552, 554, 555, 556, 558, 559, 561, 562, 563, 566, 567, 578, 579, 581, 584, 585, 586, 589, 590, 591, 594, 595, 596, 597, 598, 599, 600, 601, 604, 605, 606, 607, 609, 610, 611, 614, 616, 618, 619, 621, 622, 623, 624, 626, 629, 630, 631, 632, 634, 635, 638, 640, 641, 643, 644, 646, 647, 648, 649, 650, 651, 653, 654, 657, 658, 741, 742, 743, 744, 745, 747, 748, 749, 750, 753, 754, 755, 757, 759, 760, 761, 763, 764, 765, 766, 768, 769, 771, 772, 773, 774, 776, 777, 778, 780, 782, 783, 784, 785, 786, 788, 789, 790, 791, 792, 794, 796, 798, 805, 812, 814, 815, 816, 817, 819, 825, 826, 828, 829, 830, 831, 834, 835, 837, 839, 842, 844, 845, 846, 849, 850, 851, 854, 855, 858, 859, 860, 862, 863, 864, 866, 869, 870, 871, 872, 873, 874, 876, 877, 879, 880, 881, 882, 883, 884, 887, 888, 955, 957, 958, 959, 961, 964, 966, 967, 968, 970, 971, 974, 975, 980, 981, 984, 985, 986, 987, 988, 989, 990, 996, 997, 998, 1001, 1002, 1003, 1004, 1006, 1007, 1010, 1011, 1012, 1013, 1014, 1017, 1018, 1019, 1020, 1022, 1023, 1024, 1025, 1028, 1029, 1030, 1031, 1032, 1033, 1036, 1037, 1038, 1041, 1042, 1043, 1044, 1045, 1047, 1048, 1049, 1050, 1051, 1052, 1055, 1062, 1063, 1065, 1067, 1069, 1070, 1071, 1072, 1073, 1076, 1077, 1078, 1079, 1080, 1081, 1084, 1085, 1086, 1087, 1089, 1090, 1093, 1094, 1096, 1097, 1099, 1100, 1101, 1102, 1103, 1104, 1105, 1106, 1108, 1109, 1114, 1115, 1117, 1118, 1119, 1123, 1125, 1126, 1127, 1129, 1132, 1133, 1135, 1136, 1137, 1139, 1140, 1141, 1143, 1144, 1145, 1147, 1150, 1156, 1159, 1160, 1203, 1204, 1206, 1207, 1209, 1210, 1211, 1212, 1214, 1216, 1217, 1220, 1221, 1222, 1223, 1226, 1227, 1229, 1230, 1232, 1235, 1236, 1238, 1239, 1240, 1241, 1242, 1243, 1245, 1246, 1254, 1257, 1259, 1260, 1261, 1262, 1263, 1264, 1265, 1267, 1269, 1270, 1271, 1273, 1274, 1275, 1277, 1278, 1279, 1280, 1281, 1282, 1283, 1284, 1285, 1288, 1289, 1331, 1332, 1334, 1335, 1338, 1339, 1340, 1341, 1342, 1343, 1346, 1347, 1348, 1349, 1350, 1351, 1354, 1355, 1357, 1358, 1359, 1360, 1361, 1363, 1364, 1365, 1366, 1368, 1370, 1377, 1378, 1381, 1382, 1383, 1384, 1385, 1386, 1387, 1388, 1391, 1392, 1393, 1394, 1395, 1396, 1397, 1399, 1400, 1403, 1404, 1405, 1406, 1409, 1410, 1413, 1414, 1415, 1416, 1417, 1418, 1419, 1422, 1423, 1424, 1425, 1426, 1427, 1428, 1431, 1432, 1467, 1468, 1469, 1470, 1472, 1475, 1477, 1478, 1479, 1480, 1481, 1482, 1484, 1485, 1488, 1489, 1490, 1492, 1493, 1495, 1497, 1498, 1499, 1500, 1502, 1503, 1504, 1505, 1507, 1508, 1509, 1511, 1512, 1513, 1514, 1516, 1520, 1521, 1522, 1523, 1524, 1526, 1527, 1529, 1530, 1531, 1533, 1534, 1536, 1537, 1540, 1541, 1542, 1543, 1544, 1545, 1547, 1548, 1550, 1551, 1552, 1553, 1554, 1557, 1558], "excluded_lines": []}}}, "src/rdfmap/cli/wizard.py": {"executed_lines": [1, 7, 8, 9, 10, 11, 12, 13, 14, 15, 17, 20, 21, 23, 24, 25, 27, 36, 41, 44, 47, 50, 53, 56, 59, 63, 65, 66, 72, 73, 84, 86, 87, 90, 91, 92, 94, 95, 96, 98, 99, 100, 103, 104, 112, 113, 114, 115, 123, 125, 127, 129, 131, 132, 133, 134, 135, 136, 138, 139, 140, 142, 146, 147, 149, 150, 152, 154, 157, 158, 159, 160, 161, 163, 164, 165, 166, 169, 172, 174, 177, 179, 181, 182, 184, 186, 187, 188, 189, 191, 192, 193, 194, 201, 221, 223, 224, 226, 230, 233, 234, 236, 238, 241, 242, 244, 248, 250, 252, 253, 256, 257, 258, 259, 260, 262, 268, 275, 276, 279, 280, 281, 282, 283, 284, 285, 286, 287, 288, 290, 291, 293, 295, 297, 298, 300, 305, 307, 311, 314, 320, 322, 323, 326, 327, 329, 330, 333, 338, 340, 341, 345, 346, 350, 351, 356, 357, 358, 359, 361, 363, 364, 365, 367, 368, 369, 372, 373, 374, 375, 376, 377, 379, 381, 382, 383, 384, 385, 386, 387, 388, 389, 390, 391, 394, 396, 398, 400, 401, 404, 405, 406, 407, 408, 409, 410, 412, 414, 415, 416, 419, 420, 421, 423, 424, 428, 430, 506, 515, 516, 518, 521, 559, 617, 637, 647, 650, 673, 676], "summary": {"covered_lines": 217, "num_statements": 309, "percent_covered": 70.22653721682848, "percent_covered_display": "70", "missing_lines": 92, "excluded_lines": 0}, "missing_lines": [60, 76, 77, 79, 82, 117, 155, 170, 175, 196, 197, 198, 203, 204, 205, 207, 208, 209, 210, 211, 213, 215, 216, 218, 315, 316, 317, 318, 426, 436, 439, 465, 466, 469, 470, 473, 474, 475, 478, 479, 488, 489, 492, 504, 529, 536, 537, 540, 541, 544, 545, 546, 547, 548, 549, 550, 551, 552, 555, 557, 569, 570, 572, 575, 576, 585, 588, 589, 590, 593, 594, 595, 596, 597, 599, 602, 612, 613, 615, 624, 627, 634, 651, 653, 654, 656, 657, 663, 666, 678, 679, 680], "excluded_lines": [], "functions": {"ConfigurationWizard.__init__": {"executed_lines": [24, 25], "summary": {"covered_lines": 2, "num_statements": 2, "percent_covered": 100.0, "percent_covered_display": "100", "missing_lines": 0, "excluded_lines": 0}, "missing_lines": [], "excluded_lines": []}, "ConfigurationWizard.run": {"executed_lines": [36, 41, 44, 47, 50, 53, 56, 59, 63, 65, 66, 72, 73], "summary": {"covered_lines": 13, "num_statements": 18, "percent_covered": 72.22222222222223, "percent_covered_display": "72", "missing_lines": 5, "excluded_lines": 0}, "missing_lines": [60, 76, 77, 79, 82], "excluded_lines": []}, "ConfigurationWizard._configure_data_source": {"executed_lines": [86, 87, 90, 91, 92, 94, 95, 96, 98, 99, 100, 103, 104, 112, 113, 114, 115, 123], "summary": {"covered_lines": 18, "num_statements": 19, "percent_covered": 94.73684210526316, "percent_covered_display": "95", "missing_lines": 1, "excluded_lines": 0}, "missing_lines": [117], "excluded_lines": []}, "ConfigurationWizard._analyze_data_source": {"executed_lines": [127, 129, 131, 132, 133, 134, 135, 136, 138, 139, 140, 142, 146, 147, 149, 150], "summary": {"covered_lines": 16, "num_statements": 16, "percent_covered": 100.0, "percent_covered_display": "100", "missing_lines": 0, "excluded_lines": 0}, "missing_lines": [], "excluded_lines": []}, "ConfigurationWizard._show_column_preview": {"executed_lines": [154, 157, 158, 159, 160, 161, 163, 164, 165, 166, 169, 172, 174, 177], "summary": {"covered_lines": 14, "num_statements": 17, "percent_covered": 82.3529411764706, "percent_covered_display": "82", "missing_lines": 3, "excluded_lines": 0}, "missing_lines": [155, 170, 175], "excluded_lines": []}, "ConfigurationWizard._configure_ontology": {"executed_lines": [181, 182, 184, 186, 187, 188, 189, 191, 192, 193, 194, 201], "summary": {"covered_lines": 12, "num_statements": 27, "percent_covered": 44.44444444444444, "percent_covered_display": "44", "missing_lines": 15, "excluded_lines": 0}, "missing_lines": [196, 197, 198, 203, 204, 205, 207, 208, 209, 210, 211, 213, 215, 216, 218], "excluded_lines": []}, "ConfigurationWizard._configure_target_class": {"executed_lines": [223, 224, 226, 230, 233, 234, 236, 238, 241, 242, 244, 248], "summary": {"covered_lines": 12, "num_statements": 12, "percent_covered": 100.0, "percent_covered_display": "100", "missing_lines": 0, "excluded_lines": 0}, "missing_lines": [], "excluded_lines": []}, "ConfigurationWizard._configure_processing": {"executed_lines": [252, 253, 256, 257, 258, 259, 260, 262, 268, 275, 276, 279, 280, 281, 282, 283, 284, 285, 286, 287, 288, 290, 291, 293], "summary": {"covered_lines": 24, "num_statements": 24, "percent_covered": 100.0, "percent_covered_display": "100", "missing_lines": 0, "excluded_lines": 0}, "missing_lines": [], "excluded_lines": []}, "ConfigurationWizard._configure_output": {"executed_lines": [297, 298, 300, 305, 307, 311, 314], "summary": {"covered_lines": 7, "num_statements": 11, "percent_covered": 63.63636363636363, "percent_covered_display": "64", "missing_lines": 4, "excluded_lines": 0}, "missing_lines": [315, 316, 317, 318], "excluded_lines": []}, "ConfigurationWizard._configure_advanced": {"executed_lines": [322, 323, 326, 327, 329, 330, 333, 338, 340, 341, 345, 346, 350, 351, 356, 357, 358, 359], "summary": {"covered_lines": 18, "num_statements": 18, "percent_covered": 100.0, "percent_covered_display": "100", "missing_lines": 0, "excluded_lines": 0}, "missing_lines": [], "excluded_lines": []}, "ConfigurationWizard._show_summary": {"executed_lines": [363, 364, 365, 367, 368, 369, 372, 373, 374, 375, 376, 377, 379, 381, 382, 383, 384, 385, 386, 387, 388, 389, 390, 391, 394], "summary": {"covered_lines": 25, "num_statements": 25, "percent_covered": 100.0, "percent_covered_display": "100", "missing_lines": 0, "excluded_lines": 0}, "missing_lines": [], "excluded_lines": []}, "ConfigurationWizard._show_estimate": {"executed_lines": [398, 400, 401, 404, 405, 406, 407, 408, 409, 410, 412, 414, 415, 416, 419, 420, 421, 423, 424, 428], "summary": {"covered_lines": 20, "num_statements": 21, "percent_covered": 95.23809523809524, "percent_covered_display": "95", "missing_lines": 1, "excluded_lines": 0}, "missing_lines": [426], "excluded_lines": []}, "ConfigurationWizard._build_mapping_config": {"executed_lines": [], "summary": {"covered_lines": 0, "num_statements": 15, "percent_covered": 0.0, "percent_covered_display": "0", "missing_lines": 15, "excluded_lines": 0}, "missing_lines": [436, 439, 465, 466, 469, 470, 473, 474, 475, 478, 479, 488, 489, 492, 504], "excluded_lines": []}, "ConfigurationWizard._generate_complete_mapping": {"executed_lines": [515, 516, 518, 521], "summary": {"covered_lines": 4, "num_statements": 20, "percent_covered": 20.0, "percent_covered_display": "20", "missing_lines": 16, "excluded_lines": 0}, "missing_lines": [529, 536, 537, 540, 541, 544, 545, 546, 547, 548, 549, 550, 551, 552, 555, 557], "excluded_lines": []}, "ConfigurationWizard._merge_wizard_settings": {"executed_lines": [], "summary": {"covered_lines": 0, "num_statements": 19, "percent_covered": 0.0, "percent_covered_display": "0", "missing_lines": 19, "excluded_lines": 0}, "missing_lines": [569, 570, 572, 575, 576, 585, 588, 589, 590, 593, 594, 595, 596, 597, 599, 602, 612, 613, 615], "excluded_lines": []}, "ConfigurationWizard._save_complete_config": {"executed_lines": [], "summary": {"covered_lines": 0, "num_statements": 3, "percent_covered": 0.0, "percent_covered_display": "0", "missing_lines": 3, "excluded_lines": 0}, "missing_lines": [624, 627, 634], "excluded_lines": []}, "run_wizard": {"executed_lines": [647, 650, 673], "summary": {"covered_lines": 3, "num_statements": 10, "percent_covered": 30.0, "percent_covered_display": "30", "missing_lines": 7, "excluded_lines": 0}, "missing_lines": [651, 653, 654, 656, 657, 663, 666], "excluded_lines": []}, "": {"executed_lines": [1, 7, 8, 9, 10, 11, 12, 13, 14, 15, 17, 20, 21, 23, 27, 84, 125, 152, 179, 221, 250, 295, 320, 361, 396, 430, 506, 559, 617, 637, 676], "summary": {"covered_lines": 29, "num_statements": 32, "percent_covered": 90.625, "percent_covered_display": "91", "missing_lines": 3, "excluded_lines": 0}, "missing_lines": [678, 679, 680], "excluded_lines": []}}, "classes": {"ConfigurationWizard": {"executed_lines": [24, 25, 36, 41, 44, 47, 50, 53, 56, 59, 63, 65, 66, 72, 73, 86, 87, 90, 91, 92, 94, 95, 96, 98, 99, 100, 103, 104, 112, 113, 114, 115, 123, 127, 129, 131, 132, 133, 134, 135, 136, 138, 139, 140, 142, 146, 147, 149, 150, 154, 157, 158, 159, 160, 161, 163, 164, 165, 166, 169, 172, 174, 177, 181, 182, 184, 186, 187, 188, 189, 191, 192, 193, 194, 201, 223, 224, 226, 230, 233, 234, 236, 238, 241, 242, 244, 248, 252, 253, 256, 257, 258, 259, 260, 262, 268, 275, 276, 279, 280, 281, 282, 283, 284, 285, 286, 287, 288, 290, 291, 293, 297, 298, 300, 305, 307, 311, 314, 322, 323, 326, 327, 329, 330, 333, 338, 340, 341, 345, 346, 350, 351, 356, 357, 358, 359, 363, 364, 365, 367, 368, 369, 372, 373, 374, 375, 376, 377, 379, 381, 382, 383, 384, 385, 386, 387, 388, 389, 390, 391, 394, 398, 400, 401, 404, 405, 406, 407, 408, 409, 410, 412, 414, 415, 416, 419, 420, 421, 423, 424, 428, 515, 516, 518, 521], "summary": {"covered_lines": 185, "num_statements": 267, "percent_covered": 69.28838951310861, "percent_covered_display": "69", "missing_lines": 82, "excluded_lines": 0}, "missing_lines": [60, 76, 77, 79, 82, 117, 155, 170, 175, 196, 197, 198, 203, 204, 205, 207, 208, 209, 210, 211, 213, 215, 216, 218, 315, 316, 317, 318, 426, 436, 439, 465, 466, 469, 470, 473, 474, 475, 478, 479, 488, 489, 492, 504, 529, 536, 537, 540, 541, 544, 545, 546, 547, 548, 549, 550, 551, 552, 555, 557, 569, 570, 572, 575, 576, 585, 588, 589, 590, 593, 594, 595, 596, 597, 599, 602, 612, 613, 615, 624, 627, 634], "excluded_lines": []}, "": {"executed_lines": [1, 7, 8, 9, 10, 11, 12, 13, 14, 15, 17, 20, 21, 23, 27, 84, 125, 152, 179, 221, 250, 295, 320, 361, 396, 430, 506, 559, 617, 637, 647, 650, 673, 676], "summary": {"covered_lines": 32, "num_statements": 42, "percent_covered": 76.19047619047619, "percent_covered_display": "76", "missing_lines": 10, "excluded_lines": 0}, "missing_lines": [651, 653, 654, 656, 657, 663, 666, 678, 679, 680], "excluded_lines": []}}}, "src/rdfmap/config/__init__.py": {"executed_lines": [1], "summary": {"covered_lines": 0, "num_statements": 0, "percent_covered": 100.0, "percent_covered_display": "100", "missing_lines": 0, "excluded_lines": 0}, "missing_lines": [], "excluded_lines": [], "functions": {"": {"executed_lines": [1], "summary": {"covered_lines": 0, "num_statements": 0, "percent_covered": 100.0, "percent_covered_display": "100", "missing_lines": 0, "excluded_lines": 0}, "missing_lines": [], "excluded_lines": []}}, "classes": {"": {"executed_lines": [1], "summary": {"covered_lines": 0, "num_statements": 0, "percent_covered": 100.0, "percent_covered_display": "100", "missing_lines": 0, "excluded_lines": 0}, "missing_lines": [], "excluded_lines": []}}}, "src/rdfmap/config/loader.py": {"executed_lines": [1, 3, 4, 6, 8, 11, 24, 26, 30, 31, 32, 40, 41, 46, 47, 48, 49, 50, 53, 57, 58, 59, 60, 62], "summary": {"covered_lines": 23, "num_statements": 31, "percent_covered": 74.19354838709677, "percent_covered_display": "74", "missing_lines": 8, "excluded_lines": 0}, "missing_lines": [27, 33, 34, 35, 37, 42, 43, 54], "excluded_lines": [], "functions": {"load_mapping_config": {"executed_lines": [24, 26, 30, 31, 32, 40, 41, 46, 47, 48, 49, 50, 53, 57, 58, 59, 60, 62], "summary": {"covered_lines": 18, "num_statements": 26, "percent_covered": 69.23076923076923, "percent_covered_display": "69", "missing_lines": 8, "excluded_lines": 0}, "missing_lines": [27, 33, 34, 35, 37, 42, 43, 54], "excluded_lines": []}, "": {"executed_lines": [1, 3, 4, 6, 8, 11], "summary": {"covered_lines": 5, "num_statements": 5, "percent_covered": 100.0, "percent_covered_display": "100", "missing_lines": 0, "excluded_lines": 0}, "missing_lines": [], "excluded_lines": []}}, "classes": {"": {"executed_lines": [1, 3, 4, 6, 8, 11, 24, 26, 30, 31, 32, 40, 41, 46, 47, 48, 49, 50, 53, 57, 58, 59, 60, 62], "summary": {"covered_lines": 23, "num_statements": 31, "percent_covered": 74.19354838709677, "percent_covered_display": "74", "missing_lines": 8, "excluded_lines": 0}, "missing_lines": [27, 33, 34, 35, 37, 42, 43, 54], "excluded_lines": []}}}, "src/rdfmap/emitter/__init__.py": {"executed_lines": [1], "summary": {"covered_lines": 0, "num_statements": 0, "percent_covered": 100.0, "percent_covered_display": "100", "missing_lines": 0, "excluded_lines": 0}, "missing_lines": [], "excluded_lines": [], "functions": {"": {"executed_lines": [1], "summary": {"covered_lines": 0, "num_statements": 0, "percent_covered": 100.0, "percent_covered_display": "100", "missing_lines": 0, "excluded_lines": 0}, "missing_lines": [], "excluded_lines": []}}, "classes": {"": {"executed_lines": [1], "summary": {"covered_lines": 0, "num_statements": 0, "percent_covered": 100.0, "percent_covered_display": "100", "missing_lines": 0, "excluded_lines": 0}, "missing_lines": [], "excluded_lines": []}}}, "src/rdfmap/emitter/columnwise_builder.py": {"executed_lines": [], "summary": {"covered_lines": 0, "num_statements": 133, "percent_covered": 0.0, "percent_covered_display": "0", "missing_lines": 133, "excluded_lines": 0}, "missing_lines": [3, 4, 6, 7, 8, 10, 11, 12, 13, 14, 17, 20, 28, 29, 30, 33, 34, 36, 37, 39, 41, 43, 45, 46, 48, 50, 52, 54, 56, 57, 60, 62, 64, 66, 68, 69, 71, 74, 75, 78, 79, 82, 83, 84, 85, 86, 90, 92, 95, 96, 99, 101, 103, 105, 110, 113, 114, 115, 116, 117, 118, 119, 120, 121, 122, 124, 126, 128, 130, 131, 132, 134, 143, 146, 149, 150, 151, 154, 155, 158, 159, 160, 161, 166, 169, 177, 178, 180, 190, 191, 194, 195, 198, 199, 200, 201, 206, 209, 210, 211, 212, 213, 214, 215, 216, 217, 218, 219, 220, 221, 222, 223, 224, 225, 227, 230, 231, 232, 233, 234, 235, 237, 238, 239, 244, 246, 248, 250, 252, 253, 254, 255, 257], "excluded_lines": [], "functions": {"ColumnWiseRDFBuilder.__init__": {"executed_lines": [], "summary": {"covered_lines": 0, "num_statements": 8, "percent_covered": 0.0, "percent_covered_display": "0", "missing_lines": 8, "excluded_lines": 0}, "missing_lines": [28, 29, 30, 33, 34, 36, 37, 39], "excluded_lines": []}, "ColumnWiseRDFBuilder._add_triple": {"executed_lines": [], "summary": {"covered_lines": 0, "num_statements": 5, "percent_covered": 0.0, "percent_covered_display": "0", "missing_lines": 5, "excluded_lines": 0}, "missing_lines": [43, 45, 46, 48, 50], "excluded_lines": []}, "ColumnWiseRDFBuilder._resolve_property": {"executed_lines": [], "summary": {"covered_lines": 0, "num_statements": 4, "percent_covered": 0.0, "percent_covered_display": "0", "missing_lines": 4, "excluded_lines": 0}, "missing_lines": [54, 56, 57, 60], "excluded_lines": []}, "ColumnWiseRDFBuilder._resolve_class": {"executed_lines": [], "summary": {"covered_lines": 0, "num_statements": 1, "percent_covered": 0.0, "percent_covered_display": "0", "missing_lines": 1, "excluded_lines": 0}, "missing_lines": [64], "excluded_lines": []}, "ColumnWiseRDFBuilder.add_dataframe_columnwise": {"executed_lines": [], "summary": {"covered_lines": 0, "num_statements": 13, "percent_covered": 0.0, "percent_covered_display": "0", "missing_lines": 13, "excluded_lines": 0}, "missing_lines": [68, 69, 71, 74, 75, 78, 79, 82, 83, 84, 85, 86, 90], "excluded_lines": []}, "ColumnWiseRDFBuilder._generate_subject_iris_vectorized": {"executed_lines": [], "summary": {"covered_lines": 0, "num_statements": 18, "percent_covered": 0.0, "percent_covered_display": "0", "missing_lines": 18, "excluded_lines": 0}, "missing_lines": [95, 96, 99, 101, 103, 105, 110, 113, 114, 115, 116, 117, 118, 119, 120, 121, 122, 124], "excluded_lines": []}, "ColumnWiseRDFBuilder._add_type_triples_vectorized": {"executed_lines": [], "summary": {"covered_lines": 0, "num_statements": 4, "percent_covered": 0.0, "percent_covered_display": "0", "missing_lines": 4, "excluded_lines": 0}, "missing_lines": [128, 130, 131, 132], "excluded_lines": []}, "ColumnWiseRDFBuilder._add_property_column_vectorized": {"executed_lines": [], "summary": {"covered_lines": 0, "num_statements": 15, "percent_covered": 0.0, "percent_covered_display": "0", "missing_lines": 15, "excluded_lines": 0}, "missing_lines": [143, 146, 149, 150, 151, 154, 155, 158, 159, 160, 161, 166, 169, 177, 178], "excluded_lines": []}, "ColumnWiseRDFBuilder._create_literal": {"executed_lines": [], "summary": {"covered_lines": 0, "num_statements": 37, "percent_covered": 0.0, "percent_covered_display": "0", "missing_lines": 37, "excluded_lines": 0}, "missing_lines": [190, 191, 194, 195, 198, 199, 200, 201, 206, 209, 210, 211, 212, 213, 214, 215, 216, 217, 218, 219, 220, 221, 222, 223, 224, 225, 227, 230, 231, 232, 233, 234, 235, 237, 238, 239, 244], "excluded_lines": []}, "ColumnWiseRDFBuilder.get_graph": {"executed_lines": [], "summary": {"covered_lines": 0, "num_statements": 1, "percent_covered": 0.0, "percent_covered_display": "0", "missing_lines": 1, "excluded_lines": 0}, "missing_lines": [248], "excluded_lines": []}, "ColumnWiseRDFBuilder.get_triple_count": {"executed_lines": [], "summary": {"covered_lines": 0, "num_statements": 5, "percent_covered": 0.0, "percent_covered_display": "0", "missing_lines": 5, "excluded_lines": 0}, "missing_lines": [252, 253, 254, 255, 257], "excluded_lines": []}, "": {"executed_lines": [], "summary": {"covered_lines": 0, "num_statements": 22, "percent_covered": 0.0, "percent_covered_display": "0", "missing_lines": 22, "excluded_lines": 0}, "missing_lines": [3, 4, 6, 7, 8, 10, 11, 12, 13, 14, 17, 20, 41, 52, 62, 66, 92, 126, 134, 180, 246, 250], "excluded_lines": []}}, "classes": {"ColumnWiseRDFBuilder": {"executed_lines": [], "summary": {"covered_lines": 0, "num_statements": 111, "percent_covered": 0.0, "percent_covered_display": "0", "missing_lines": 111, "excluded_lines": 0}, "missing_lines": [28, 29, 30, 33, 34, 36, 37, 39, 43, 45, 46, 48, 50, 54, 56, 57, 60, 64, 68, 69, 71, 74, 75, 78, 79, 82, 83, 84, 85, 86, 90, 95, 96, 99, 101, 103, 105, 110, 113, 114, 115, 116, 117, 118, 119, 120, 121, 122, 124, 128, 130, 131, 132, 143, 146, 149, 150, 151, 154, 155, 158, 159, 160, 161, 166, 169, 177, 178, 190, 191, 194, 195, 198, 199, 200, 201, 206, 209, 210, 211, 212, 213, 214, 215, 216, 217, 218, 219, 220, 221, 222, 223, 224, 225, 227, 230, 231, 232, 233, 234, 235, 237, 238, 239, 244, 248, 252, 253, 254, 255, 257], "excluded_lines": []}, "": {"executed_lines": [], "summary": {"covered_lines": 0, "num_statements": 22, "percent_covered": 0.0, "percent_covered_display": "0", "missing_lines": 22, "excluded_lines": 0}, "missing_lines": [3, 4, 6, 7, 8, 10, 11, 12, 13, 14, 17, 20, 41, 52, 62, 66, 92, 126, 134, 180, 246, 250], "excluded_lines": []}}}, "src/rdfmap/emitter/graph_builder.py": {"executed_lines": [1, 3, 4, 6, 7, 8, 10, 11, 12, 13, 14, 17, 18, 20, 28, 29, 30, 33, 34, 36, 37, 42, 44, 52, 55, 57, 61, 70, 72, 73, 78, 87, 89, 110, 119, 123, 124, 125, 136, 137, 145, 163, 165, 166, 169, 170, 173, 176, 178, 188, 201, 203, 204, 205, 206, 208, 209, 210, 211, 212, 213, 214, 227, 236, 238, 240, 242, 255, 259, 264, 267, 268, 271, 273, 275, 277, 279, 296, 303, 308, 309, 312, 315, 316, 317, 320, 329, 330, 333, 348, 356, 357, 358, 360, 362, 377, 379, 389, 396, 400, 401, 402, 405, 406, 407, 408, 410, 414, 426, 434, 435, 436, 439, 440, 441, 443, 449, 451, 464, 473], "summary": {"covered_lines": 118, "num_statements": 180, "percent_covered": 65.55555555555556, "percent_covered_display": "66", "missing_lines": 62, "excluded_lines": 0}, "missing_lines": [39, 54, 59, 76, 112, 114, 115, 116, 120, 126, 127, 133, 138, 140, 143, 174, 180, 181, 186, 215, 216, 217, 218, 219, 220, 221, 222, 225, 228, 230, 231, 256, 304, 305, 321, 326, 337, 338, 339, 340, 345, 380, 382, 383, 384, 386, 397, 411, 415, 416, 417, 418, 423, 457, 458, 459, 460, 462, 470, 481, 493, 494], "excluded_lines": [], "functions": {"RDFGraphBuilder.__init__": {"executed_lines": [28, 29, 30, 33, 34, 36, 37, 42], "summary": {"covered_lines": 8, "num_statements": 9, "percent_covered": 88.88888888888889, "percent_covered_display": "89", "missing_lines": 1, "excluded_lines": 0}, "missing_lines": [39], "excluded_lines": []}, "RDFGraphBuilder._add_triple": {"executed_lines": [52, 55, 57], "summary": {"covered_lines": 3, "num_statements": 5, "percent_covered": 60.0, "percent_covered_display": "60", "missing_lines": 2, "excluded_lines": 0}, "missing_lines": [54, 59], "excluded_lines": []}, "RDFGraphBuilder._resolve_property": {"executed_lines": [70, 72, 73], "summary": {"covered_lines": 3, "num_statements": 4, "percent_covered": 75.0, "percent_covered_display": "75", "missing_lines": 1, "excluded_lines": 0}, "missing_lines": [76], "excluded_lines": []}, "RDFGraphBuilder._resolve_class": {"executed_lines": [87], "summary": {"covered_lines": 1, "num_statements": 1, "percent_covered": 100.0, "percent_covered_display": "100", "missing_lines": 0, "excluded_lines": 0}, "missing_lines": [], "excluded_lines": []}, "RDFGraphBuilder._create_literal": {"executed_lines": [110, 119, 123, 124, 125, 136, 137], "summary": {"covered_lines": 7, "num_statements": 18, "percent_covered": 38.888888888888886, "percent_covered_display": "39", "missing_lines": 11, "excluded_lines": 0}, "missing_lines": [112, 114, 115, 116, 120, 126, 127, 133, 138, 140, 143], "excluded_lines": []}, "RDFGraphBuilder._generate_iri": {"executed_lines": [163, 165, 166, 169, 170, 173, 176, 178], "summary": {"covered_lines": 8, "num_statements": 12, "percent_covered": 66.66666666666667, "percent_covered_display": "67", "missing_lines": 4, "excluded_lines": 0}, "missing_lines": [174, 180, 181, 186], "excluded_lines": []}, "RDFGraphBuilder._apply_column_transforms": {"executed_lines": [201, 203, 204, 205, 206, 208, 209, 210, 211, 212, 213, 214, 227, 236, 238, 240], "summary": {"covered_lines": 16, "num_statements": 28, "percent_covered": 57.142857142857146, "percent_covered_display": "57", "missing_lines": 12, "excluded_lines": 0}, "missing_lines": [215, 216, 217, 218, 219, 220, 221, 222, 225, 228, 230, 231], "excluded_lines": []}, "RDFGraphBuilder.add_dataframe": {"executed_lines": [255, 259, 264, 267, 268, 271, 273, 275, 277], "summary": {"covered_lines": 9, "num_statements": 10, "percent_covered": 90.0, "percent_covered_display": "90", "missing_lines": 1, "excluded_lines": 0}, "missing_lines": [256], "excluded_lines": []}, "RDFGraphBuilder._add_row_resource": {"executed_lines": [296, 303, 308, 309, 312, 315, 316, 317, 320, 329, 330, 333, 348, 356, 357, 358, 360], "summary": {"covered_lines": 17, "num_statements": 26, "percent_covered": 65.38461538461539, "percent_covered_display": "65", "missing_lines": 9, "excluded_lines": 0}, "missing_lines": [304, 305, 321, 326, 337, 338, 339, 340, 345], "excluded_lines": []}, "RDFGraphBuilder._add_linked_objects": {"executed_lines": [377, 379, 389, 396, 400, 401, 402, 405, 406, 407, 408, 410, 414, 426, 434, 435, 436, 439, 440, 441], "summary": {"covered_lines": 20, "num_statements": 32, "percent_covered": 62.5, "percent_covered_display": "62", "missing_lines": 12, "excluded_lines": 0}, "missing_lines": [380, 382, 383, 384, 386, 397, 411, 415, 416, 417, 418, 423], "excluded_lines": []}, "RDFGraphBuilder.get_graph": {"executed_lines": [449], "summary": {"covered_lines": 1, "num_statements": 1, "percent_covered": 100.0, "percent_covered_display": "100", "missing_lines": 0, "excluded_lines": 0}, "missing_lines": [], "excluded_lines": []}, "RDFGraphBuilder.get_triple_count": {"executed_lines": [], "summary": {"covered_lines": 0, "num_statements": 5, "percent_covered": 0.0, "percent_covered_display": "0", "missing_lines": 5, "excluded_lines": 0}, "missing_lines": [457, 458, 459, 460, 462], "excluded_lines": []}, "RDFGraphBuilder.get_duplicate_iris": {"executed_lines": [], "summary": {"covered_lines": 0, "num_statements": 1, "percent_covered": 0.0, "percent_covered_display": "0", "missing_lines": 1, "excluded_lines": 0}, "missing_lines": [470], "excluded_lines": []}, "serialize_graph": {"executed_lines": [], "summary": {"covered_lines": 0, "num_statements": 3, "percent_covered": 0.0, "percent_covered_display": "0", "missing_lines": 3, "excluded_lines": 0}, "missing_lines": [481, 493, 494], "excluded_lines": []}, "": {"executed_lines": [1, 3, 4, 6, 7, 8, 10, 11, 12, 13, 14, 17, 18, 20, 44, 61, 78, 89, 145, 188, 242, 279, 362, 443, 451, 464, 473], "summary": {"covered_lines": 25, "num_statements": 25, "percent_covered": 100.0, "percent_covered_display": "100", "missing_lines": 0, "excluded_lines": 0}, "missing_lines": [], "excluded_lines": []}}, "classes": {"RDFGraphBuilder": {"executed_lines": [28, 29, 30, 33, 34, 36, 37, 42, 52, 55, 57, 70, 72, 73, 87, 110, 119, 123, 124, 125, 136, 137, 163, 165, 166, 169, 170, 173, 176, 178, 201, 203, 204, 205, 206, 208, 209, 210, 211, 212, 213, 214, 227, 236, 238, 240, 255, 259, 264, 267, 268, 271, 273, 275, 277, 296, 303, 308, 309, 312, 315, 316, 317, 320, 329, 330, 333, 348, 356, 357, 358, 360, 377, 379, 389, 396, 400, 401, 402, 405, 406, 407, 408, 410, 414, 426, 434, 435, 436, 439, 440, 441, 449], "summary": {"covered_lines": 93, "num_statements": 152, "percent_covered": 61.18421052631579, "percent_covered_display": "61", "missing_lines": 59, "excluded_lines": 0}, "missing_lines": [39, 54, 59, 76, 112, 114, 115, 116, 120, 126, 127, 133, 138, 140, 143, 174, 180, 181, 186, 215, 216, 217, 218, 219, 220, 221, 222, 225, 228, 230, 231, 256, 304, 305, 321, 326, 337, 338, 339, 340, 345, 380, 382, 383, 384, 386, 397, 411, 415, 416, 417, 418, 423, 457, 458, 459, 460, 462, 470], "excluded_lines": []}, "": {"executed_lines": [1, 3, 4, 6, 7, 8, 10, 11, 12, 13, 14, 17, 18, 20, 44, 61, 78, 89, 145, 188, 242, 279, 362, 443, 451, 464, 473], "summary": {"covered_lines": 25, "num_statements": 28, "percent_covered": 89.28571428571429, "percent_covered_display": "89", "missing_lines": 3, "excluded_lines": 0}, "missing_lines": [481, 493, 494], "excluded_lines": []}}}, "src/rdfmap/emitter/nt_streaming.py": {"executed_lines": [], "summary": {"covered_lines": 0, "num_statements": 90, "percent_covered": 0.0, "percent_covered_display": "0", "missing_lines": 90, "excluded_lines": 0}, "missing_lines": [3, 4, 5, 6, 9, 12, 19, 20, 21, 22, 24, 26, 27, 29, 31, 32, 33, 35, 43, 44, 47, 48, 49, 50, 51, 53, 55, 57, 58, 59, 61, 68, 69, 71, 72, 75, 77, 87, 88, 89, 90, 91, 92, 94, 100, 103, 106, 114, 115, 116, 118, 120, 121, 124, 125, 128, 129, 130, 132, 138, 139, 141, 149, 151, 152, 154, 156, 158, 165, 166, 168, 174, 176, 182, 183, 184, 185, 187, 190, 203, 206, 207, 208, 211, 214, 215, 217, 220, 221, 222], "excluded_lines": [], "functions": {"NTriplesStreamWriter.__init__": {"executed_lines": [], "summary": {"covered_lines": 0, "num_statements": 4, "percent_covered": 0.0, "percent_covered_display": "0", "missing_lines": 4, "excluded_lines": 0}, "missing_lines": [19, 20, 21, 22], "excluded_lines": []}, "NTriplesStreamWriter.__enter__": {"executed_lines": [], "summary": {"covered_lines": 0, "num_statements": 2, "percent_covered": 0.0, "percent_covered_display": "0", "missing_lines": 2, "excluded_lines": 0}, "missing_lines": [26, 27], "excluded_lines": []}, "NTriplesStreamWriter.__exit__": {"executed_lines": [], "summary": {"covered_lines": 0, "num_statements": 3, "percent_covered": 0.0, "percent_covered_display": "0", "missing_lines": 3, "excluded_lines": 0}, "missing_lines": [31, 32, 33], "excluded_lines": []}, "NTriplesStreamWriter.write_triple": {"executed_lines": [], "summary": {"covered_lines": 0, "num_statements": 12, "percent_covered": 0.0, "percent_covered_display": "0", "missing_lines": 12, "excluded_lines": 0}, "missing_lines": [43, 44, 47, 48, 49, 50, 51, 53, 55, 57, 58, 59], "excluded_lines": []}, "NTriplesStreamWriter.write_resource_triples": {"executed_lines": [], "summary": {"covered_lines": 0, "num_statements": 5, "percent_covered": 0.0, "percent_covered_display": "0", "missing_lines": 5, "excluded_lines": 0}, "missing_lines": [68, 69, 71, 72, 75], "excluded_lines": []}, "NTriplesStreamWriter._escape_string": {"executed_lines": [], "summary": {"covered_lines": 0, "num_statements": 6, "percent_covered": 0.0, "percent_covered_display": "0", "missing_lines": 6, "excluded_lines": 0}, "missing_lines": [87, 88, 89, 90, 91, 92], "excluded_lines": []}, "NTriplesStreamWriter.get_triple_count": {"executed_lines": [], "summary": {"covered_lines": 0, "num_statements": 1, "percent_covered": 0.0, "percent_covered_display": "0", "missing_lines": 1, "excluded_lines": 0}, "missing_lines": [100], "excluded_lines": []}, "StreamingRDFGraphBuilder.__init__": {"executed_lines": [], "summary": {"covered_lines": 0, "num_statements": 11, "percent_covered": 0.0, "percent_covered_display": "0", "missing_lines": 11, "excluded_lines": 0}, "missing_lines": [114, 115, 116, 118, 120, 121, 124, 125, 128, 129, 130], "excluded_lines": []}, "StreamingRDFGraphBuilder.set_nt_writer": {"executed_lines": [], "summary": {"covered_lines": 0, "num_statements": 2, "percent_covered": 0.0, "percent_covered_display": "0", "missing_lines": 2, "excluded_lines": 0}, "missing_lines": [138, 139], "excluded_lines": []}, "StreamingRDFGraphBuilder.add_triple": {"executed_lines": [], "summary": {"covered_lines": 0, "num_statements": 5, "percent_covered": 0.0, "percent_covered_display": "0", "missing_lines": 5, "excluded_lines": 0}, "missing_lines": [149, 151, 152, 154, 156], "excluded_lines": []}, "StreamingRDFGraphBuilder.add_resource_with_class": {"executed_lines": [], "summary": {"covered_lines": 0, "num_statements": 2, "percent_covered": 0.0, "percent_covered_display": "0", "missing_lines": 2, "excluded_lines": 0}, "missing_lines": [165, 166], "excluded_lines": []}, "StreamingRDFGraphBuilder.get_graph": {"executed_lines": [], "summary": {"covered_lines": 0, "num_statements": 1, "percent_covered": 0.0, "percent_covered_display": "0", "missing_lines": 1, "excluded_lines": 0}, "missing_lines": [174], "excluded_lines": []}, "StreamingRDFGraphBuilder.get_triple_count": {"executed_lines": [], "summary": {"covered_lines": 0, "num_statements": 5, "percent_covered": 0.0, "percent_covered_display": "0", "missing_lines": 5, "excluded_lines": 0}, "missing_lines": [182, 183, 184, 185, 187], "excluded_lines": []}, "create_streaming_builder": {"executed_lines": [], "summary": {"covered_lines": 0, "num_statements": 11, "percent_covered": 0.0, "percent_covered_display": "0", "missing_lines": 11, "excluded_lines": 0}, "missing_lines": [203, 206, 207, 208, 211, 214, 215, 217, 220, 221, 222], "excluded_lines": []}, "": {"executed_lines": [], "summary": {"covered_lines": 0, "num_statements": 20, "percent_covered": 0.0, "percent_covered_display": "0", "missing_lines": 20, "excluded_lines": 0}, "missing_lines": [3, 4, 5, 6, 9, 12, 24, 29, 35, 61, 77, 94, 103, 106, 132, 141, 158, 168, 176, 190], "excluded_lines": []}}, "classes": {"NTriplesStreamWriter": {"executed_lines": [], "summary": {"covered_lines": 0, "num_statements": 33, "percent_covered": 0.0, "percent_covered_display": "0", "missing_lines": 33, "excluded_lines": 0}, "missing_lines": [19, 20, 21, 22, 26, 27, 31, 32, 33, 43, 44, 47, 48, 49, 50, 51, 53, 55, 57, 58, 59, 68, 69, 71, 72, 75, 87, 88, 89, 90, 91, 92, 100], "excluded_lines": []}, "StreamingRDFGraphBuilder": {"executed_lines": [], "summary": {"covered_lines": 0, "num_statements": 26, "percent_covered": 0.0, "percent_covered_display": "0", "missing_lines": 26, "excluded_lines": 0}, "missing_lines": [114, 115, 116, 118, 120, 121, 124, 125, 128, 129, 130, 138, 139, 149, 151, 152, 154, 156, 165, 166, 174, 182, 183, 184, 185, 187], "excluded_lines": []}, "": {"executed_lines": [], "summary": {"covered_lines": 0, "num_statements": 31, "percent_covered": 0.0, "percent_covered_display": "0", "missing_lines": 31, "excluded_lines": 0}, "missing_lines": [3, 4, 5, 6, 9, 12, 24, 29, 35, 61, 77, 94, 103, 106, 132, 141, 158, 168, 176, 190, 203, 206, 207, 208, 211, 214, 215, 217, 220, 221, 222], "excluded_lines": []}}}, "src/rdfmap/emitter/streaming_graph_builder.py": {"executed_lines": [], "summary": {"covered_lines": 0, "num_statements": 144, "percent_covered": 0.0, "percent_covered_display": "0", "missing_lines": 144, "excluded_lines": 0}, "missing_lines": [3, 4, 5, 6, 7, 9, 10, 11, 12, 13, 16, 19, 26, 27, 28, 31, 34, 35, 38, 39, 41, 65, 67, 70, 71, 72, 75, 77, 79, 85, 87, 88, 92, 93, 94, 97, 99, 108, 110, 111, 113, 117, 119, 121, 137, 141, 144, 145, 148, 152, 154, 158, 160, 162, 170, 176, 177, 178, 181, 182, 183, 186, 190, 192, 201, 203, 204, 205, 207, 210, 211, 216, 219, 220, 223, 228, 229, 232, 233, 238, 241, 247, 249, 250, 251, 253, 254, 256, 264, 266, 267, 268, 269, 270, 271, 274, 280, 281, 284, 285, 286, 289, 290, 291, 292, 294, 295, 297, 303, 304, 305, 308, 309, 310, 312, 319, 321, 322, 325, 326, 328, 330, 331, 336, 338, 340, 342, 343, 346, 348, 355, 356, 359, 360, 362, 364, 365, 366, 367, 369, 371, 373, 383, 385], "excluded_lines": [], "functions": {"StreamingRDFGraphBuilder.__init__": {"executed_lines": [], "summary": {"covered_lines": 0, "num_statements": 8, "percent_covered": 0.0, "percent_covered_display": "0", "missing_lines": 8, "excluded_lines": 0}, "missing_lines": [26, 27, 28, 31, 34, 35, 38, 39], "excluded_lines": []}, "StreamingRDFGraphBuilder.stream_to_rdf": {"executed_lines": [], "summary": {"covered_lines": 0, "num_statements": 15, "percent_covered": 0.0, "percent_covered_display": "0", "missing_lines": 15, "excluded_lines": 0}, "missing_lines": [65, 67, 70, 71, 72, 75, 77, 79, 85, 87, 88, 92, 93, 94, 97], "excluded_lines": []}, "StreamingRDFGraphBuilder._prepare_polars_transforms": {"executed_lines": [], "summary": {"covered_lines": 0, "num_statements": 6, "percent_covered": 0.0, "percent_covered_display": "0", "missing_lines": 6, "excluded_lines": 0}, "missing_lines": [108, 110, 111, 113, 117, 119], "excluded_lines": []}, "StreamingRDFGraphBuilder._process_streaming_batch": {"executed_lines": [], "summary": {"covered_lines": 0, "num_statements": 9, "percent_covered": 0.0, "percent_covered_display": "0", "missing_lines": 9, "excluded_lines": 0}, "missing_lines": [137, 141, 144, 145, 148, 152, 154, 158, 160], "excluded_lines": []}, "StreamingRDFGraphBuilder._add_row_resource_streaming": {"executed_lines": [], "summary": {"covered_lines": 0, "num_statements": 9, "percent_covered": 0.0, "percent_covered_display": "0", "missing_lines": 9, "excluded_lines": 0}, "missing_lines": [170, 176, 177, 178, 181, 182, 183, 186, 190], "excluded_lines": []}, "StreamingRDFGraphBuilder._add_column_properties_batch": {"executed_lines": [], "summary": {"covered_lines": 0, "num_statements": 23, "percent_covered": 0.0, "percent_covered_display": "0", "missing_lines": 23, "excluded_lines": 0}, "missing_lines": [201, 203, 204, 205, 207, 210, 211, 216, 219, 220, 223, 228, 229, 232, 233, 238, 241, 247, 249, 250, 251, 253, 254], "excluded_lines": []}, "StreamingRDFGraphBuilder._add_linked_objects_streaming": {"executed_lines": [], "summary": {"covered_lines": 0, "num_statements": 26, "percent_covered": 0.0, "percent_covered_display": "0", "missing_lines": 26, "excluded_lines": 0}, "missing_lines": [264, 266, 267, 268, 269, 270, 271, 274, 280, 281, 284, 285, 286, 289, 290, 291, 292, 294, 295, 297, 303, 304, 305, 308, 309, 310], "excluded_lines": []}, "StreamingRDFGraphBuilder._generate_iri_fast": {"executed_lines": [], "summary": {"covered_lines": 0, "num_statements": 9, "percent_covered": 0.0, "percent_covered_display": "0", "missing_lines": 9, "excluded_lines": 0}, "missing_lines": [319, 321, 322, 325, 326, 328, 330, 331, 336], "excluded_lines": []}, "StreamingRDFGraphBuilder._resolve_property_fast": {"executed_lines": [], "summary": {"covered_lines": 0, "num_statements": 4, "percent_covered": 0.0, "percent_covered_display": "0", "missing_lines": 4, "excluded_lines": 0}, "missing_lines": [340, 342, 343, 346], "excluded_lines": []}, "StreamingRDFGraphBuilder._create_literal_fast": {"executed_lines": [], "summary": {"covered_lines": 0, "num_statements": 10, "percent_covered": 0.0, "percent_covered_display": "0", "missing_lines": 10, "excluded_lines": 0}, "missing_lines": [355, 356, 359, 360, 362, 364, 365, 366, 367, 369], "excluded_lines": []}, "StreamingRDFGraphBuilder.get_streaming_stats": {"executed_lines": [], "summary": {"covered_lines": 0, "num_statements": 1, "percent_covered": 0.0, "percent_covered_display": "0", "missing_lines": 1, "excluded_lines": 0}, "missing_lines": [373], "excluded_lines": []}, "StreamingRDFGraphBuilder.get_graph": {"executed_lines": [], "summary": {"covered_lines": 0, "num_statements": 1, "percent_covered": 0.0, "percent_covered_display": "0", "missing_lines": 1, "excluded_lines": 0}, "missing_lines": [385], "excluded_lines": []}, "": {"executed_lines": [], "summary": {"covered_lines": 0, "num_statements": 23, "percent_covered": 0.0, "percent_covered_display": "0", "missing_lines": 23, "excluded_lines": 0}, "missing_lines": [3, 4, 5, 6, 7, 9, 10, 11, 12, 13, 16, 19, 41, 99, 121, 162, 192, 256, 312, 338, 348, 371, 383], "excluded_lines": []}}, "classes": {"StreamingRDFGraphBuilder": {"executed_lines": [], "summary": {"covered_lines": 0, "num_statements": 121, "percent_covered": 0.0, "percent_covered_display": "0", "missing_lines": 121, "excluded_lines": 0}, "missing_lines": [26, 27, 28, 31, 34, 35, 38, 39, 65, 67, 70, 71, 72, 75, 77, 79, 85, 87, 88, 92, 93, 94, 97, 108, 110, 111, 113, 117, 119, 137, 141, 144, 145, 148, 152, 154, 158, 160, 170, 176, 177, 178, 181, 182, 183, 186, 190, 201, 203, 204, 205, 207, 210, 211, 216, 219, 220, 223, 228, 229, 232, 233, 238, 241, 247, 249, 250, 251, 253, 254, 264, 266, 267, 268, 269, 270, 271, 274, 280, 281, 284, 285, 286, 289, 290, 291, 292, 294, 295, 297, 303, 304, 305, 308, 309, 310, 319, 321, 322, 325, 326, 328, 330, 331, 336, 340, 342, 343, 346, 355, 356, 359, 360, 362, 364, 365, 366, 367, 369, 373, 385], "excluded_lines": []}, "": {"executed_lines": [], "summary": {"covered_lines": 0, "num_statements": 23, "percent_covered": 0.0, "percent_covered_display": "0", "missing_lines": 23, "excluded_lines": 0}, "missing_lines": [3, 4, 5, 6, 7, 9, 10, 11, 12, 13, 16, 19, 41, 99, 121, 162, 192, 256, 312, 338, 348, 371, 383], "excluded_lines": []}}}, "src/rdfmap/generator/__init__.py": {"executed_lines": [1, 3, 4, 5, 6, 7, 8, 10], "summary": {"covered_lines": 7, "num_statements": 7, "percent_covered": 100.0, "percent_covered_display": "100", "missing_lines": 0, "excluded_lines": 0}, "missing_lines": [], "excluded_lines": [], "functions": {"": {"executed_lines": [1, 3, 4, 5, 6, 7, 8, 10], "summary": {"covered_lines": 7, "num_statements": 7, "percent_covered": 100.0, "percent_covered_display": "100", "missing_lines": 0, "excluded_lines": 0}, "missing_lines": [], "excluded_lines": []}}, "classes": {"": {"executed_lines": [1, 3, 4, 5, 6, 7, 8, 10], "summary": {"covered_lines": 7, "num_statements": 7, "percent_covered": 100.0, "percent_covered_display": "100", "missing_lines": 0, "excluded_lines": 0}, "missing_lines": [], "excluded_lines": []}}}, "src/rdfmap/generator/confidence_calibrator.py": {"executed_lines": [1, 7, 8, 10, 11, 12, 15, 16, 17, 18, 19, 20, 21, 22, 25, 26, 28, 35, 36, 37, 39, 48, 55, 63, 80, 82, 84, 87, 90, 91, 94, 96, 106, 110, 112, 113, 116, 117, 119, 121, 124, 128, 137, 139, 141, 158, 166, 167, 170, 172, 181, 183, 186, 188, 206, 212, 214, 216, 220, 221, 222, 224, 227, 228, 231, 232, 233, 234, 235, 238, 239, 245, 247, 249, 256], "summary": {"covered_lines": 72, "num_statements": 95, "percent_covered": 75.78947368421052, "percent_covered_display": "76", "missing_lines": 23, "excluded_lines": 0}, "missing_lines": [107, 126, 163, 184, 194, 196, 197, 198, 199, 200, 201, 202, 204, 217, 218, 225, 229, 240, 241, 243, 254, 258, 259], "excluded_lines": [], "functions": {"ConfidenceCalibrator.__init__": {"executed_lines": [35, 36, 37], "summary": {"covered_lines": 3, "num_statements": 3, "percent_covered": 100.0, "percent_covered_display": "100", "missing_lines": 0, "excluded_lines": 0}, "missing_lines": [], "excluded_lines": []}, "ConfidenceCalibrator.calibrate_result": {"executed_lines": [48, 55], "summary": {"covered_lines": 2, "num_statements": 2, "percent_covered": 100.0, "percent_covered_display": "100", "missing_lines": 0, "excluded_lines": 0}, "missing_lines": [], "excluded_lines": []}, "ConfidenceCalibrator.calibrate_score": {"executed_lines": [80, 82, 84, 87, 90, 91, 94], "summary": {"covered_lines": 7, "num_statements": 7, "percent_covered": 100.0, "percent_covered_display": "100", "missing_lines": 0, "excluded_lines": 0}, "missing_lines": [], "excluded_lines": []}, "ConfidenceCalibrator._get_calibration_stats": {"executed_lines": [106, 110, 112, 113, 116, 117, 119, 121, 124, 128, 137, 139], "summary": {"covered_lines": 12, "num_statements": 14, "percent_covered": 85.71428571428571, "percent_covered_display": "86", "missing_lines": 2, "excluded_lines": 0}, "missing_lines": [107, 126], "excluded_lines": []}, "ConfidenceCalibrator._get_match_type_adjustment": {"executed_lines": [158, 166, 167, 170], "summary": {"covered_lines": 4, "num_statements": 5, "percent_covered": 80.0, "percent_covered_display": "80", "missing_lines": 1, "excluded_lines": 0}, "missing_lines": [163], "excluded_lines": []}, "ConfidenceCalibrator.get_matcher_reliability": {"executed_lines": [181, 183, 186], "summary": {"covered_lines": 3, "num_statements": 4, "percent_covered": 75.0, "percent_covered_display": "75", "missing_lines": 1, "excluded_lines": 0}, "missing_lines": [184], "excluded_lines": []}, "ConfidenceCalibrator.get_all_matcher_reliabilities": {"executed_lines": [], "summary": {"covered_lines": 0, "num_statements": 9, "percent_covered": 0.0, "percent_covered_display": "0", "missing_lines": 9, "excluded_lines": 0}, "missing_lines": [194, 196, 197, 198, 199, 200, 201, 202, 204], "excluded_lines": []}, "ConfidenceCalibrator.generate_calibration_report": {"executed_lines": [212, 214, 216, 220, 221, 222, 224, 227, 228, 231, 232, 233, 234, 235, 238, 239, 245, 247], "summary": {"covered_lines": 18, "num_statements": 25, "percent_covered": 72.0, "percent_covered_display": "72", "missing_lines": 7, "excluded_lines": 0}, "missing_lines": [217, 218, 225, 229, 240, 241, 243], "excluded_lines": []}, "ConfidenceCalibrator.clear_cache": {"executed_lines": [], "summary": {"covered_lines": 0, "num_statements": 1, "percent_covered": 0.0, "percent_covered_display": "0", "missing_lines": 1, "excluded_lines": 0}, "missing_lines": [254], "excluded_lines": []}, "ConfidenceCalibrator.close": {"executed_lines": [], "summary": {"covered_lines": 0, "num_statements": 2, "percent_covered": 0.0, "percent_covered_display": "0", "missing_lines": 2, "excluded_lines": 0}, "missing_lines": [258, 259], "excluded_lines": []}, "": {"executed_lines": [1, 7, 8, 10, 11, 12, 15, 16, 17, 18, 19, 20, 21, 22, 25, 26, 28, 39, 63, 96, 141, 172, 188, 206, 249, 256], "summary": {"covered_lines": 23, "num_statements": 23, "percent_covered": 100.0, "percent_covered_display": "100", "missing_lines": 0, "excluded_lines": 0}, "missing_lines": [], "excluded_lines": []}}, "classes": {"CalibrationStats": {"executed_lines": [], "summary": {"covered_lines": 0, "num_statements": 0, "percent_covered": 100.0, "percent_covered_display": "100", "missing_lines": 0, "excluded_lines": 0}, "missing_lines": [], "excluded_lines": []}, "ConfidenceCalibrator": {"executed_lines": [35, 36, 37, 48, 55, 80, 82, 84, 87, 90, 91, 94, 106, 110, 112, 113, 116, 117, 119, 121, 124, 128, 137, 139, 158, 166, 167, 170, 181, 183, 186, 212, 214, 216, 220, 221, 222, 224, 227, 228, 231, 232, 233, 234, 235, 238, 239, 245, 247], "summary": {"covered_lines": 49, "num_statements": 72, "percent_covered": 68.05555555555556, "percent_covered_display": "68", "missing_lines": 23, "excluded_lines": 0}, "missing_lines": [107, 126, 163, 184, 194, 196, 197, 198, 199, 200, 201, 202, 204, 217, 218, 225, 229, 240, 241, 243, 254, 258, 259], "excluded_lines": []}, "": {"executed_lines": [1, 7, 8, 10, 11, 12, 15, 16, 17, 18, 19, 20, 21, 22, 25, 26, 28, 39, 63, 96, 141, 172, 188, 206, 249, 256], "summary": {"covered_lines": 23, "num_statements": 23, "percent_covered": 100.0, "percent_covered_display": "100", "missing_lines": 0, "excluded_lines": 0}, "missing_lines": [], "excluded_lines": []}}}, "src/rdfmap/generator/data_analyzer.py": {"executed_lines": [1, 3, 4, 5, 6, 7, 8, 11, 15, 16, 18, 19, 20, 21, 22, 23, 24, 25, 26, 27, 28, 29, 30, 31, 33, 34, 36, 38, 40, 41, 43, 45, 46, 54, 55, 57, 63, 64, 65, 68, 69, 70, 71, 72, 73, 76, 78, 80, 90, 91, 94, 96, 98, 99, 100, 101, 107, 109, 111, 112, 115, 118, 119, 120, 123, 124, 125, 128, 129, 132, 133, 134, 137, 139, 144, 146, 148, 149, 150, 151, 152, 153, 160, 161, 163, 202, 203, 205, 269, 320, 367, 376, 390, 410, 440, 460, 484, 512, 514, 516, 518, 520, 522, 524, 525, 526, 529, 530, 531, 532, 533, 534, 535, 536, 537, 538, 540, 541, 543, 556, 568, 569, 570, 574, 575, 576], "summary": {"covered_lines": 121, "num_statements": 341, "percent_covered": 35.483870967741936, "percent_covered_display": "35", "missing_lines": 220, "excluded_lines": 0}, "missing_lines": [37, 48, 49, 50, 51, 92, 102, 103, 104, 105, 141, 142, 154, 156, 157, 162, 165, 166, 167, 170, 171, 172, 174, 175, 176, 178, 180, 183, 186, 187, 188, 190, 191, 192, 193, 194, 195, 196, 197, 198, 200, 207, 208, 209, 211, 212, 213, 214, 217, 219, 220, 221, 223, 224, 225, 227, 229, 231, 232, 235, 236, 237, 238, 239, 240, 243, 244, 246, 247, 248, 250, 251, 252, 253, 254, 255, 256, 257, 258, 260, 263, 264, 266, 267, 271, 272, 273, 276, 278, 281, 282, 283, 284, 286, 289, 290, 291, 292, 294, 295, 297, 298, 299, 301, 302, 303, 304, 305, 306, 307, 308, 309, 311, 314, 315, 317, 318, 333, 335, 336, 337, 338, 339, 341, 342, 343, 345, 347, 349, 353, 355, 356, 358, 361, 363, 365, 369, 370, 371, 372, 374, 378, 379, 382, 383, 384, 385, 388, 392, 394, 395, 396, 398, 399, 400, 402, 404, 406, 408, 412, 415, 416, 417, 420, 421, 422, 424, 427, 428, 430, 432, 433, 434, 436, 438, 443, 445, 446, 447, 448, 450, 453, 454, 455, 458, 462, 464, 465, 466, 467, 469, 470, 471, 472, 473, 474, 475, 477, 479, 481, 482, 486, 488, 489, 491, 493, 499, 500, 503, 508, 509, 545, 547, 548, 549, 550, 551, 552, 554, 558], "excluded_lines": [], "functions": {"DataFieldAnalysis.__init__": {"executed_lines": [19, 20, 21, 22, 23, 24, 25, 26, 27, 28, 29, 30, 31], "summary": {"covered_lines": 13, "num_statements": 13, "percent_covered": 100.0, "percent_covered_display": "100", "missing_lines": 0, "excluded_lines": 0}, "missing_lines": [], "excluded_lines": []}, "DataFieldAnalysis.null_percentage": {"executed_lines": [36, 38], "summary": {"covered_lines": 2, "num_statements": 3, "percent_covered": 66.66666666666667, "percent_covered_display": "67", "missing_lines": 1, "excluded_lines": 0}, "missing_lines": [37], "excluded_lines": []}, "DataFieldAnalysis.is_required": {"executed_lines": [43], "summary": {"covered_lines": 1, "num_statements": 1, "percent_covered": 100.0, "percent_covered_display": "100", "missing_lines": 0, "excluded_lines": 0}, "missing_lines": [], "excluded_lines": []}, "DataFieldAnalysis.uniqueness": {"executed_lines": [], "summary": {"covered_lines": 0, "num_statements": 4, "percent_covered": 0.0, "percent_covered_display": "0", "missing_lines": 4, "excluded_lines": 0}, "missing_lines": [48, 49, 50, 51], "excluded_lines": []}, "DataSourceAnalyzer.__init__": {"executed_lines": [63, 64, 65, 68, 69, 70, 71, 72, 73, 76], "summary": {"covered_lines": 10, "num_statements": 10, "percent_covered": 100.0, "percent_covered_display": "100", "missing_lines": 0, "excluded_lines": 0}, "missing_lines": [], "excluded_lines": []}, "DataSourceAnalyzer._detect_format": {"executed_lines": [80, 90, 91, 94], "summary": {"covered_lines": 4, "num_statements": 5, "percent_covered": 80.0, "percent_covered_display": "80", "missing_lines": 1, "excluded
[...]
ines": [], "excluded_lines": []}, "to_integer": {"executed_lines": [81, 82, 84, 86, 87, 88, 90, 91, 93, 94], "summary": {"covered_lines": 10, "num_statements": 11, "percent_covered": 90.9090909090909, "percent_covered_display": "91", "missing_lines": 1, "excluded_lines": 0}, "missing_lines": [92], "excluded_lines": []}, "to_date": {"executed_lines": [110, 111, 113, 114, 115, 118, 119, 120, 121], "summary": {"covered_lines": 9, "num_statements": 9, "percent_covered": 100.0, "percent_covered_display": "100", "missing_lines": 0, "excluded_lines": 0}, "missing_lines": [], "excluded_lines": []}, "to_datetime": {"executed_lines": [137, 140, 141, 145, 148, 150, 152], "summary": {"covered_lines": 7, "num_statements": 11, "percent_covered": 63.63636363636363, "percent_covered_display": "64", "missing_lines": 4, "excluded_lines": 0}, "missing_lines": [138, 142, 153, 154], "excluded_lines": []}, "to_boolean": {"executed_lines": [170, 173, 176, 177, 180, 182, 183, 184, 185, 187], "summary": {"covered_lines": 10, "num_statements": 12, "percent_covered": 83.33333333333333, "percent_covered_display": "83", "missing_lines": 2, "excluded_lines": 0}, "missing_lines": [171, 174], "excluded_lines": []}, "uppercase": {"executed_lines": [200, 202], "summary": {"covered_lines": 2, "num_statements": 3, "percent_covered": 66.66666666666667, "percent_covered_display": "67", "missing_lines": 1, "excluded_lines": 0}, "missing_lines": [201], "excluded_lines": []}, "lowercase": {"executed_lines": [215, 217], "summary": {"covered_lines": 2, "num_statements": 3, "percent_covered": 66.66666666666667, "percent_covered_display": "67", "missing_lines": 1, "excluded_lines": 0}, "missing_lines": [216], "excluded_lines": []}, "strip": {"executed_lines": [230, 232], "summary": {"covered_lines": 2, "num_statements": 3, "percent_covered": 66.66666666666667, "percent_covered_display": "67", "missing_lines": 1, "excluded_lines": 0}, "missing_lines": [231], "excluded_lines": []}, "apply_transform": {"executed_lines": [249, 250, 251, 253], "summary": {"covered_lines": 4, "num_statements": 4, "percent_covered": 100.0, "percent_covered_display": "100", "missing_lines": 0, "excluded_lines": 0}, "missing_lines": [], "excluded_lines": []}, "": {"executed_lines": [1, 3, 4, 5, 7, 11, 14, 29, 41, 42, 68, 69, 97, 98, 124, 125, 157, 158, 190, 191, 205, 206, 220, 221, 235], "summary": {"covered_lines": 24, "num_statements": 24, "percent_covered": 100.0, "percent_covered_display": "100", "missing_lines": 0, "excluded_lines": 0}, "missing_lines": [], "excluded_lines": []}}, "classes": {"": {"executed_lines": [1, 3, 4, 5, 7, 11, 14, 23, 24, 25, 26, 29, 38, 41, 42, 54, 55, 57, 59, 61, 62, 63, 64, 65, 68, 69, 81, 82, 84, 86, 87, 88, 90, 91, 93, 94, 97, 98, 110, 111, 113, 114, 115, 118, 119, 120, 121, 124, 125, 137, 140, 141, 145, 148, 150, 152, 157, 158, 170, 173, 176, 177, 180, 182, 183, 184, 185, 187, 190, 191, 200, 202, 205, 206, 215, 217, 220, 221, 230, 232, 235, 249, 250, 251, 253], "summary": {"covered_lines": 84, "num_statements": 94, "percent_covered": 89.36170212765957, "percent_covered_display": "89", "missing_lines": 10, "excluded_lines": 0}, "missing_lines": [92, 138, 142, 153, 154, 171, 174, 201, 216, 231], "excluded_lines": []}}}, "src/rdfmap/validator/__init__.py": {"executed_lines": [1], "summary": {"covered_lines": 0, "num_statements": 0, "percent_covered": 100.0, "percent_covered_display": "100", "missing_lines": 0, "excluded_lines": 0}, "missing_lines": [], "excluded_lines": [], "functions": {"": {"executed_lines": [1], "summary": {"covered_lines": 0, "num_statements": 0, "percent_covered": 100.0, "percent_covered_display": "100", "missing_lines": 0, "excluded_lines": 0}, "missing_lines": [], "excluded_lines": []}}, "classes": {"": {"executed_lines": [1], "summary": {"covered_lines": 0, "num_statements": 0, "percent_covered": 100.0, "percent_covered_display": "100", "missing_lines": 0, "excluded_lines": 0}, "missing_lines": [], "excluded_lines": []}}}, "src/rdfmap/validator/config.py": {"executed_lines": [1, 3, 4, 6, 9, 18, 19, 20, 21, 24, 33, 34, 35, 38, 40, 41, 42, 43, 44, 45, 48, 50, 51, 52, 54, 57, 58, 59, 60, 62, 65, 96, 99, 108, 111, 113, 115, 116, 117, 118, 119, 121, 122, 123, 124, 130, 147], "summary": {"covered_lines": 46, "num_statements": 82, "percent_covered": 56.09756097560975, "percent_covered_display": "56", "missing_lines": 36, "excluded_lines": 0}, "missing_lines": [53, 61, 66, 68, 69, 70, 71, 72, 75, 76, 77, 78, 79, 82, 83, 84, 85, 86, 87, 89, 90, 91, 92, 93, 94, 131, 132, 133, 134, 135, 136, 138, 139, 140, 141, 142], "excluded_lines": [], "functions": {"extract_prefixes_from_curie": {"executed_lines": [18, 19, 20, 21], "summary": {"covered_lines": 4, "num_statements": 4, "percent_covered": 100.0, "percent_covered_display": "100", "missing_lines": 0, "excluded_lines": 0}, "missing_lines": [], "excluded_lines": []}, "validate_namespace_prefixes": {"executed_lines": [33, 34, 35, 38, 40, 41, 42, 43, 44, 45, 48, 50, 51, 52, 54, 57, 58, 59, 60, 62, 65, 96], "summary": {"covered_lines": 22, "num_statements": 47, "percent_covered": 46.808510638297875, "percent_covered_display": "47", "missing_lines": 25, "excluded_lines": 0}, "missing_lines": [53, 61, 66, 68, 69, 70, 71, 72, 75, 76, 77, 78, 79, 82, 83, 84, 85, 86, 87, 89, 90, 91, 92, 93, 94], "excluded_lines": []}, "validate_required_fields": {"executed_lines": [108, 111, 113, 115, 116, 117, 118, 119, 121, 122, 123, 124, 130, 147], "summary": {"covered_lines": 14, "num_statements": 25, "percent_covered": 56.0, "percent_covered_display": "56", "missing_lines": 11, "excluded_lines": 0}, "missing_lines": [131, 132, 133, 134, 135, 136, 138, 139, 140, 141, 142], "excluded_lines": []}, "": {"executed_lines": [1, 3, 4, 6, 9, 24, 99], "summary": {"covered_lines": 6, "num_statements": 6, "percent_covered": 100.0, "percent_covered_display": "100", "missing_lines": 0, "excluded_lines": 0}, "missing_lines": [], "excluded_lines": []}}, "classes": {"": {"executed_lines": [1, 3, 4, 6, 9, 18, 19, 20, 21, 24, 33, 34, 35, 38, 40, 41, 42, 43, 44, 45, 48, 50, 51, 52, 54, 57, 58, 59, 60, 62, 65, 96, 99, 108, 111, 113, 115, 116, 117, 118, 119, 121, 122, 123, 124, 130, 147], "summary": {"covered_lines": 46, "num_statements": 82, "percent_covered": 56.09756097560975, "percent_covered_display": "56", "missing_lines": 36, "excluded_lines": 0}, "missing_lines": [53, 61, 66, 68, 69, 70, 71, 72, 75, 76, 77, 78, 79, 82, 83, 84, 85, 86, 87, 89, 90, 91, 92, 93, 94, 131, 132, 133, 134, 135, 136, 138, 139, 140, 141, 142], "excluded_lines": []}}}, "src/rdfmap/validator/datatypes.py": {"executed_lines": [1, 3, 4, 5, 6, 9, 11, 12, 13, 18, 20, 21, 23, 24, 25, 26, 27, 30, 32, 33, 34, 35, 36, 39, 48, 53, 55, 56, 58, 59, 60, 62, 63, 64, 66, 69, 71, 72, 74, 76, 77, 78, 80, 81, 82, 83, 84, 85, 90, 92, 95, 97, 98, 99, 100, 105, 117, 119, 123, 124, 125, 128, 129, 131, 135, 152, 163, 164, 165, 166, 168, 169, 170], "summary": {"covered_lines": 72, "num_statements": 91, "percent_covered": 79.12087912087912, "percent_covered_display": "79", "missing_lines": 19, "excluded_lines": 0}, "missing_lines": [14, 15, 41, 42, 43, 44, 45, 50, 87, 93, 102, 107, 109, 110, 111, 112, 114, 120, 173], "excluded_lines": [], "functions": {"validate_xsd_string": {"executed_lines": [11, 12, 13], "summary": {"covered_lines": 3, "num_statements": 5, "percent_covered": 60.0, "percent_covered_display": "60", "missing_lines": 2, "excluded_lines": 0}, "missing_lines": [14, 15], "excluded_lines": []}, "validate_xsd_integer": {"executed_lines": [20, 21, 23, 24, 25, 26, 27], "summary": {"covered_lines": 7, "num_statements": 7, "percent_covered": 100.0, "percent_covered_display": "100", "missing_lines": 0, "excluded_lines": 0}, "missing_lines": [], "excluded_lines": []}, "validate_xsd_decimal": {"executed_lines": [32, 33, 34, 35, 36], "summary": {"covered_lines": 5, "num_statements": 5, "percent_covered": 100.0, "percent_covered_display": "100", "missing_lines": 0, "excluded_lines": 0}, "missing_lines": [], "excluded_lines": []}, "validate_xsd_float": {"executed_lines": [], "summary": {"covered_lines": 0, "num_statements": 5, "percent_covered": 0.0, "percent_covered_display": "0", "missing_lines": 5, "excluded_lines": 0}, "missing_lines": [41, 42, 43, 44, 45], "excluded_lines": []}, "validate_xsd_double": {"executed_lines": [], "summary": {"covered_lines": 0, "num_statements": 1, "percent_covered": 0.0, "percent_covered_display": "0", "missing_lines": 1, "excluded_lines": 0}, "missing_lines": [50], "excluded_lines": []}, "validate_xsd_boolean": {"executed_lines": [55, 56, 58, 59, 60, 62, 63, 64, 66], "summary": {"covered_lines": 9, "num_statements": 9, "percent_covered": 100.0, "percent_covered_display": "100", "missing_lines": 0, "excluded_lines": 0}, "missing_lines": [], "excluded_lines": []}, "validate_xsd_date": {"executed_lines": [71, 72, 74, 76, 77, 78, 80, 81, 82, 83, 84, 85], "summary": {"covered_lines": 12, "num_statements": 13, "percent_covered": 92.3076923076923, "percent_covered_display": "92", "missing_lines": 1, "excluded_lines": 0}, "missing_lines": [87], "excluded_lines": []}, "validate_xsd_datetime": {"executed_lines": [92, 95, 97, 98, 99, 100], "summary": {"covered_lines": 6, "num_statements": 8, "percent_covered": 75.0, "percent_covered_display": "75", "missing_lines": 2, "excluded_lines": 0}, "missing_lines": [93, 102], "excluded_lines": []}, "validate_xsd_time": {"executed_lines": [], "summary": {"covered_lines": 0, "num_statements": 6, "percent_covered": 0.0, "percent_covered_display": "0", "missing_lines": 6, "excluded_lines": 0}, "missing_lines": [107, 109, 110, 111, 112, 114], "excluded_lines": []}, "validate_xsd_anyuri": {"executed_lines": [119, 123, 124, 125, 128, 129, 131], "summary": {"covered_lines": 7, "num_statements": 8, "percent_covered": 87.5, "percent_covered_display": "88", "missing_lines": 1, "excluded_lines": 0}, "missing_lines": [120], "excluded_lines": []}, "validate_datatype": {"executed_lines": [163, 164, 165, 166, 168, 169, 170], "summary": {"covered_lines": 7, "num_statements": 8, "percent_covered": 87.5, "percent_covered_display": "88", "missing_lines": 1, "excluded_lines": 0}, "missing_lines": [173], "excluded_lines": []}, "": {"executed_lines": [1, 3, 4, 5, 6, 9, 18, 30, 39, 48, 53, 69, 90, 105, 117, 135, 152], "summary": {"covered_lines": 16, "num_statements": 16, "percent_covered": 100.0, "percent_covered_display": "100", "missing_lines": 0, "excluded_lines": 0}, "missing_lines": [], "excluded_lines": []}}, "classes": {"": {"executed_lines": [1, 3, 4, 5, 6, 9, 11, 12, 13, 18, 20, 21, 23, 24, 25, 26, 27, 30, 32, 33, 34, 35, 36, 39, 48, 53, 55, 56, 58, 59, 60, 62, 63, 64, 66, 69, 71, 72, 74, 76, 77, 78, 80, 81, 82, 83, 84, 85, 90, 92, 95, 97, 98, 99, 100, 105, 117, 119, 123, 124, 125, 128, 129, 131, 135, 152, 163, 164, 165, 166, 168, 169, 170], "summary": {"covered_lines": 72, "num_statements": 91, "percent_covered": 79.12087912087912, "percent_covered_display": "79", "missing_lines": 19, "excluded_lines": 0}, "missing_lines": [14, 15, 41, 42, 43, 44, 45, 50, 87, 93, 102, 107, 109, 110, 111, 112, 114, 120, 173], "excluded_lines": []}}}, "src/rdfmap/validator/shacl.py": {"executed_lines": [1, 3, 4, 5, 7, 8, 10, 13, 61, 110, 125], "summary": {"covered_lines": 10, "num_statements": 89, "percent_covered": 11.235955056179776, "percent_covered_display": "11", "missing_lines": 79, "excluded_lines": 0}, "missing_lines": [33, 34, 37, 38, 39, 42, 52, 54, 70, 71, 73, 76, 77, 78, 79, 80, 81, 84, 85, 86, 87, 88, 89, 90, 91, 92, 93, 94, 96, 97, 107, 117, 119, 121, 122, 145, 146, 149, 150, 151, 153, 156, 157, 158, 159, 160, 163, 164, 165, 166, 167, 168, 169, 172, 181, 182, 183, 185, 186, 187, 188, 189, 190, 191, 192, 194, 197, 198, 209, 210, 212, 213, 214, 215, 216, 217, 220, 221, 231], "excluded_lines": [], "functions": {"validate_rdf": {"executed_lines": [], "summary": {"covered_lines": 0, "num_statements": 8, "percent_covered": 0.0, "percent_covered_display": "0", "missing_lines": 8, "excluded_lines": 0}, "missing_lines": [33, 34, 37, 38, 39, 42, 52, 54], "excluded_lines": []}, "_parse_validation_results": {"executed_lines": [], "summary": {"covered_lines": 0, "num_statements": 23, "percent_covered": 0.0, "percent_covered_display": "0", "missing_lines": 23, "excluded_lines": 0}, "missing_lines": [70, 71, 73, 76, 77, 78, 79, 80, 81, 84, 85, 86, 87, 88, 89, 90, 91, 92, 93, 94, 96, 97, 107], "excluded_lines": []}, "write_validation_report": {"executed_lines": [], "summary": {"covered_lines": 0, "num_statements": 4, "percent_covered": 0.0, "percent_covered_display": "0", "missing_lines": 4, "excluded_lines": 0}, "missing_lines": [117, 119, 121, 122], "excluded_lines": []}, "validate_against_ontology": {"executed_lines": [], "summary": {"covered_lines": 0, "num_statements": 44, "percent_covered": 0.0, "percent_covered_display": "0", "missing_lines": 44, "excluded_lines": 0}, "missing_lines": [145, 146, 149, 150, 151, 153, 156, 157, 158, 159, 160, 163, 164, 165, 166, 167, 168, 169, 172, 181, 182, 183, 185, 186, 187, 188, 189, 190, 191, 192, 194, 197, 198, 209, 210, 212, 213, 214, 215, 216, 217, 220, 221, 231], "excluded_lines": []}, "": {"executed_lines": [1, 3, 4, 5, 7, 8, 10, 13, 61, 110, 125], "summary": {"covered_lines": 10, "num_statements": 10, "percent_covered": 100.0, "percent_covered_display": "100", "missing_lines": 0, "excluded_lines": 0}, "missing_lines": [], "excluded_lines": []}}, "classes": {"": {"executed_lines": [1, 3, 4, 5, 7, 8, 10, 13, 61, 110, 125], "summary": {"covered_lines": 10, "num_statements": 89, "percent_covered": 11.235955056179776, "percent_covered_display": "11", "missing_lines": 79, "excluded_lines": 0}, "missing_lines": [33, 34, 37, 38, 39, 42, 52, 54, 70, 71, 73, 76, 77, 78, 79, 80, 81, 84, 85, 86, 87, 88, 89, 90, 91, 92, 93, 94, 96, 97, 107, 117, 119, 121, 122, 145, 146, 149, 150, 151, 153, 156, 157, 158, 159, 160, 163, 164, 165, 166, 167, 168, 169, 172, 181, 182, 183, 185, 186, 187, 188, 189, 190, 191, 192, 194, 197, 198, 209, 210, 212, 213, 214, 215, 216, 217, 220, 221, 231], "excluded_lines": []}}}, "src/rdfmap/validator/skos_coverage.py": {"executed_lines": [1, 8, 9, 10, 13, 14, 15, 16, 17, 18, 19, 20, 21, 22, 23, 24, 27, 28, 29, 30, 31, 32, 33, 34, 35, 38, 39, 40, 41, 42, 43, 44, 45, 48, 51, 52, 53, 56, 57, 60, 63, 64, 66, 72, 73, 74, 76, 85, 88, 89, 92, 94, 95, 96, 97, 100, 101, 103, 106, 107, 108, 109, 111, 112, 114, 115, 117, 118, 120, 121, 123, 124, 127, 128, 130, 131, 134, 136, 138, 144, 147, 148, 151, 154, 156, 162, 165, 167, 169, 172, 174, 183, 186, 187, 188, 191, 192, 194, 195, 196, 198, 199, 201, 205, 206, 210, 212, 221, 222, 225, 226, 230, 231, 232, 234, 235, 236, 238, 239, 240, 242, 247, 248, 250, 252, 254, 256, 258, 272, 274, 275, 276, 281, 282, 287, 288, 289, 290, 295, 296, 302, 307, 308, 311, 312, 318, 323], "summary": {"covered_lines": 142, "num_statements": 151, "percent_covered": 94.03973509933775, "percent_covered_display": "94", "missing_lines": 9, "excluded_lines": 0}, "missing_lines": [152, 166, 168, 170, 227, 249, 251, 253, 319], "excluded_lines": [], "functions": {"SKOSCoverageValidator.__init__": {"executed_lines": [72, 73, 74], "summary": {"covered_lines": 3, "num_statements": 3, "percent_covered": 100.0, "percent_covered_display": "100", "missing_lines": 0, "excluded_lines": 0}, "missing_lines": [], "excluded_lines": []}, "SKOSCoverageValidator.analyze": {"executed_lines": [85, 88, 89, 92, 94, 95, 96, 97, 100, 101, 103, 106, 107, 108, 109, 111, 112, 114, 115, 117, 118, 120, 121, 123, 124, 127, 128, 130, 131, 134, 136], "summary": {"covered_lines": 31, "num_statements": 31, "percent_covered": 100.0, "percent_covered_display": "100", "missing_lines": 0, "excluded_lines": 0}, "missing_lines": [], "excluded_lines": []}, "SKOSCoverageValidator._get_all_classes": {"executed_lines": [144, 147, 148, 151, 154], "summary": {"covered_lines": 5, "num_statements": 6, "percent_covered": 83.33333333333333, "percent_covered_display": "83", "missing_lines": 1, "excluded_lines": 0}, "missing_lines": [152], "excluded_lines": []}, "SKOSCoverageValidator._get_all_properties": {"executed_lines": [162, 165, 167, 169, 172], "summary": {"covered_lines": 5, "num_statements": 8, "percent_covered": 62.5, "percent_covered_display": "62", "missing_lines": 3, "excluded_lines": 0}, "missing_lines": [166, 168, 170], "excluded_lines": []}, "SKOSCoverageValidator._analyze_class": {"executed_lines": [183, 186, 187, 188, 191, 192, 194, 195, 196, 198, 199, 201, 205, 206, 210], "summary": {"covered_lines": 15, "num_statements": 15, "percent_covered": 100.0, "percent_covered_display": "100", "missing_lines": 0, "excluded_lines": 0}, "missing_lines": [], "excluded_lines": []}, "SKOSCoverageValidator._analyze_property": {"executed_lines": [221, 222, 225, 226, 230, 231, 232, 234, 235, 236, 238, 239, 240, 242, 247, 248, 250, 252, 254, 256], "summary": {"covered_lines": 20, "num_statements": 24, "percent_covered": 83.33333333333333, "percent_covered_display": "83", "missing_lines": 4, "excluded_lines": 0}, "missing_lines": [227, 249, 251, 253], "excluded_lines": []}, "SKOSCoverageValidator._generate_recommendations": {"executed_lines": [272, 274, 275, 276, 281, 282, 287, 288, 289, 290, 295, 296, 302, 307, 308, 311, 312, 318, 323], "summary": {"covered_lines": 19, "num_statements": 20, "percent_covered": 95.0, "percent_covered_display": "95", "missing_lines": 1, "excluded_lines": 0}, "missing_lines": [319], "excluded_lines": []}, "": {"executed_lines": [1, 8, 9, 10, 13, 14, 15, 16, 17, 18, 19, 20, 21, 22, 23, 24, 27, 28, 29, 30, 31, 32, 33, 34, 35, 38, 39, 40, 41, 42, 43, 44, 45, 48, 51, 52, 53, 56, 57, 60, 63, 64, 66, 76, 138, 156, 174, 212, 258], "summary": {"covered_lines": 44, "num_statements": 44, "percent_covered": 100.0, "percent_covered_display": "100", "missing_lines": 0, "excluded_lines": 0}, "missing_lines": [], "excluded_lines": []}}, "classes": {"PropertyCoverage": {"executed_lines": [], "summary": {"covered_lines": 0, "num_statements": 0, "percent_covered": 100.0, "percent_covered_display": "100", "missing_lines": 0, "excluded_lines": 0}, "missing_lines": [], "excluded_lines": []}, "ClassCoverage": {"executed_lines": [], "summary": {"covered_lines": 0, "num_statements": 0, "percent_covered": 100.0, "percent_covered_display": "100", "missing_lines": 0, "excluded_lines": 0}, "missing_lines": [], "excluded_lines": []}, "SKOSCoverageReport": {"executed_lines": [], "summary": {"covered_lines": 0, "num_statements": 0, "percent_covered": 100.0, "percent_covered_display": "100", "missing_lines": 0, "excluded_lines": 0}, "missing_lines": [], "excluded_lines": []}, "SKOSCoverageValidator": {"executed_lines": [72, 73, 74, 85, 88, 89, 92, 94, 95, 96, 97, 100, 101, 103, 106, 107, 108, 109, 111, 112, 114, 115, 117, 118, 120, 121, 123, 124, 127, 128, 130, 131, 134, 136, 144, 147, 148, 151, 154, 162, 165, 167, 169, 172, 183, 186, 187, 188, 191, 192, 194, 195, 196, 198, 199, 201, 205, 206, 210, 221, 222, 225, 226, 230, 231, 232, 234, 235, 236, 238, 239, 240, 242, 247, 248, 250, 252, 254, 256, 272, 274, 275, 276, 281, 282, 287, 288, 289, 290, 295, 296, 302, 307, 308, 311, 312, 318, 323], "summary": {"covered_lines": 98, "num_statements": 107, "percent_covered": 91.58878504672897, "percent_covered_display": "92", "missing_lines": 9, "excluded_lines": 0}, "missing_lines": [152, 166, 168, 170, 227, 249, 251, 253, 319], "excluded_lines": []}, "": {"executed_lines": [1, 8, 9, 10, 13, 14, 15, 16, 17, 18, 19, 20, 21, 22, 23, 24, 27, 28, 29, 30, 31, 32, 33, 34, 35, 38, 39, 40, 41, 42, 43, 44, 45, 48, 51, 52, 53, 56, 57, 60, 63, 64, 66, 76, 138, 156, 174, 212, 258], "summary": {"covered_lines": 44, "num_statements": 44, "percent_covered": 100.0, "percent_covered_display": "100", "missing_lines": 0, "excluded_lines": 0}, "missing_lines": [], "excluded_lines": []}}}}, "totals": {"covered_lines": 3443, "num_statements": 6727, "percent_covered": 51.1818046677568, "percent_covered_display": "51", "missing_lines": 3284, "excluded_lines": 0}}